{"/home/ubuntutest/HACKTIV8/server/app.js": {"path":"/home/ubuntutest/HACKTIV8/server/app.js","statementMap":{"0":{"start":{"line":1,"column":0},"end":{"line":1,"column":26}},"1":{"start":{"line":2,"column":88},"end":{"line":2,"column":112}},"2":{"start":{"line":3,"column":25},"end":{"line":3,"column":45}},"3":{"start":{"line":4,"column":30},"end":{"line":4,"column":49}},"4":{"start":{"line":5,"column":18},"end":{"line":5,"column":37}},"5":{"start":{"line":8,"column":17},"end":{"line":12,"column":1}},"6":{"start":{"line":14,"column":15},"end":{"line":23,"column":2}},"7":{"start":{"line":25,"column":15},"end":{"line":52,"column":2}},"8":{"start":{"line":29,"column":18},"end":{"line":29,"column":41}},"9":{"start":{"line":31,"column":4},"end":{"line":33,"column":5}},"10":{"start":{"line":31,"column":16},"end":{"line":33,"column":5}},"11":{"start":{"line":35,"column":20},"end":{"line":35,"column":51}},"12":{"start":{"line":37,"column":4},"end":{"line":37,"column":80}},"13":{"start":{"line":37,"column":18},"end":{"line":37,"column":80}},"14":{"start":{"line":40,"column":17},"end":{"line":45,"column":6}},"15":{"start":{"line":47,"column":4},"end":{"line":47,"column":77}},"16":{"start":{"line":47,"column":15},"end":{"line":47,"column":77}},"17":{"start":{"line":50,"column":4},"end":{"line":50,"column":20}},"18":{"start":{"line":54,"column":19},"end":{"line":69,"column":2}},"19":{"start":{"line":54,"column":30},"end":{"line":69,"column":2}},"20":{"start":{"line":57,"column":4},"end":{"line":57,"column":37}},"21":{"start":{"line":57,"column":16},"end":{"line":57,"column":37}},"22":{"start":{"line":58,"column":20},"end":{"line":58,"column":51}},"23":{"start":{"line":59,"column":4},"end":{"line":59,"column":80}},"24":{"start":{"line":59,"column":18},"end":{"line":59,"column":80}},"25":{"start":{"line":60,"column":17},"end":{"line":65,"column":6}},"26":{"start":{"line":66,"column":4},"end":{"line":66,"column":77}},"27":{"start":{"line":66,"column":15},"end":{"line":66,"column":77}},"28":{"start":{"line":67,"column":4},"end":{"line":67,"column":20}},"29":{"start":{"line":71,"column":0},"end":{"line":75,"column":1}},"30":{"start":{"line":72,"column":2},"end":{"line":74,"column":5}},"31":{"start":{"line":73,"column":4},"end":{"line":73,"column":46}},"32":{"start":{"line":77,"column":0},"end":{"line":80,"column":1}}},"fnMap":{"0":{"name":"(anonymous_0)","decl":{"start":{"line":27,"column":11},"end":{"line":27,"column":12}},"loc":{"start":{"line":27,"column":30},"end":{"line":51,"column":3}},"line":27},"1":{"name":"(anonymous_1)","decl":{"start":{"line":54,"column":19},"end":{"line":54,"column":20}},"loc":{"start":{"line":54,"column":30},"end":{"line":69,"column":2}},"line":54},"2":{"name":"(anonymous_2)","decl":{"start":{"line":56,"column":11},"end":{"line":56,"column":12}},"loc":{"start":{"line":56,"column":23},"end":{"line":68,"column":3}},"line":56},"3":{"name":"(anonymous_3)","decl":{"start":{"line":72,"column":23},"end":{"line":72,"column":24}},"loc":{"start":{"line":72,"column":36},"end":{"line":74,"column":3}},"line":72}},"branchMap":{"0":{"loc":{"start":{"line":29,"column":18},"end":{"line":29,"column":41}},"type":"binary-expr","locations":[{"start":{"line":29,"column":18},"end":{"line":29,"column":35}},{"start":{"line":29,"column":39},"end":{"line":29,"column":41}}],"line":29},"1":{"loc":{"start":{"line":31,"column":4},"end":{"line":33,"column":5}},"type":"if","locations":[{"start":{"line":31,"column":4},"end":{"line":33,"column":5}},{"start":{"line":31,"column":4},"end":{"line":33,"column":5}}],"line":31},"2":{"loc":{"start":{"line":37,"column":4},"end":{"line":37,"column":80}},"type":"if","locations":[{"start":{"line":37,"column":4},"end":{"line":37,"column":80}},{"start":{"line":37,"column":4},"end":{"line":37,"column":80}}],"line":37},"3":{"loc":{"start":{"line":47,"column":4},"end":{"line":47,"column":77}},"type":"if","locations":[{"start":{"line":47,"column":4},"end":{"line":47,"column":77}},{"start":{"line":47,"column":4},"end":{"line":47,"column":77}}],"line":47},"4":{"loc":{"start":{"line":57,"column":4},"end":{"line":57,"column":37}},"type":"if","locations":[{"start":{"line":57,"column":4},"end":{"line":57,"column":37}},{"start":{"line":57,"column":4},"end":{"line":57,"column":37}}],"line":57},"5":{"loc":{"start":{"line":59,"column":4},"end":{"line":59,"column":80}},"type":"if","locations":[{"start":{"line":59,"column":4},"end":{"line":59,"column":80}},{"start":{"line":59,"column":4},"end":{"line":59,"column":80}}],"line":59},"6":{"loc":{"start":{"line":66,"column":4},"end":{"line":66,"column":77}},"type":"if","locations":[{"start":{"line":66,"column":4},"end":{"line":66,"column":77}},{"start":{"line":66,"column":4},"end":{"line":66,"column":77}}],"line":66},"7":{"loc":{"start":{"line":71,"column":0},"end":{"line":75,"column":1}},"type":"if","locations":[{"start":{"line":71,"column":0},"end":{"line":75,"column":1}},{"start":{"line":71,"column":0},"end":{"line":75,"column":1}}],"line":71}},"s":{"0":3,"1":3,"2":3,"3":3,"4":3,"5":3,"6":3,"7":3,"8":0,"9":0,"10":0,"11":0,"12":0,"13":0,"14":0,"15":0,"16":0,"17":0,"18":3,"19":18,"20":19,"21":4,"22":15,"23":15,"24":0,"25":15,"26":15,"27":0,"28":15,"29":3,"30":0,"31":0,"32":3},"f":{"0":0,"1":18,"2":19,"3":0},"b":{"0":[0,0],"1":[0,0],"2":[0,0],"3":[0,0],"4":[4,15],"5":[0,15],"6":[0,15],"7":[0,3]},"_coverageSchema":"1a1c01bbd47fc00a2c39e90264f33305004495a9","hash":"21f1cad86f5038e30466fbc75358b35f5415a761"}
,"/home/ubuntutest/HACKTIV8/server/config/aws.js": {"path":"/home/ubuntutest/HACKTIV8/server/config/aws.js","statementMap":{"0":{"start":{"line":1,"column":12},"end":{"line":1,"column":30}},"1":{"start":{"line":2,"column":15},"end":{"line":2,"column":30}},"2":{"start":{"line":4,"column":0},"end":{"line":4,"column":39}}},"fnMap":{},"branchMap":{},"s":{"0":3,"1":3,"2":3},"f":{},"b":{},"_coverageSchema":"1a1c01bbd47fc00a2c39e90264f33305004495a9","hash":"a6e90a93f21ebb03e1d72b235a396ba8942a139d"}
,"/home/ubuntutest/HACKTIV8/server/config/s3.js": {"path":"/home/ubuntutest/HACKTIV8/server/config/s3.js","statementMap":{"0":{"start":{"line":1,"column":0},"end":{"line":16,"column":2}}},"fnMap":{},"branchMap":{},"s":{"0":3},"f":{},"b":{},"_coverageSchema":"1a1c01bbd47fc00a2c39e90264f33305004495a9","hash":"23d01dc75ebfb55f3fc4974ec3b99e9d2b66f06f"}
,"/home/ubuntutest/HACKTIV8/server/helpers/bcrypt.js": {"path":"/home/ubuntutest/HACKTIV8/server/helpers/bcrypt.js","statementMap":{"0":{"start":{"line":1,"column":15},"end":{"line":1,"column":34}},"1":{"start":{"line":6,"column":17},"end":{"line":6,"column":39}},"2":{"start":{"line":7,"column":17},"end":{"line":7,"column":44}},"3":{"start":{"line":8,"column":4},"end":{"line":8,"column":15}},"4":{"start":{"line":12,"column":4},"end":{"line":12,"column":41}},"5":{"start":{"line":16,"column":0},"end":{"line":16,"column":23}}},"fnMap":{"0":{"name":"(anonymous_0)","decl":{"start":{"line":5,"column":2},"end":{"line":5,"column":3}},"loc":{"start":{"line":5,"column":28},"end":{"line":9,"column":3}},"line":5},"1":{"name":"(anonymous_1)","decl":{"start":{"line":11,"column":2},"end":{"line":11,"column":3}},"loc":{"start":{"line":11,"column":37},"end":{"line":13,"column":3}},"line":11}},"branchMap":{},"s":{"0":3,"1":4,"2":4,"3":4,"4":2,"5":3},"f":{"0":4,"1":2},"b":{},"_coverageSchema":"1a1c01bbd47fc00a2c39e90264f33305004495a9","hash":"8d140ddd1f6469769df643c8dcc262b91ceb1b99"}
,"/home/ubuntutest/HACKTIV8/server/helpers/index.js": {"path":"/home/ubuntutest/HACKTIV8/server/helpers/index.js","statementMap":{"0":{"start":{"line":1,"column":15},"end":{"line":1,"column":34}},"1":{"start":{"line":2,"column":21},"end":{"line":2,"column":37}},"2":{"start":{"line":4,"column":0},"end":{"line":7,"column":1}}},"fnMap":{},"branchMap":{},"s":{"0":3,"1":3,"2":3},"f":{},"b":{},"_coverageSchema":"1a1c01bbd47fc00a2c39e90264f33305004495a9","hash":"69440e8e7ba325de11fab4dcff98511d3766484f"}
,"/home/ubuntutest/HACKTIV8/server/helpers/jwt.js": {"path":"/home/ubuntutest/HACKTIV8/server/helpers/jwt.js","statementMap":{"0":{"start":{"line":1,"column":12},"end":{"line":1,"column":35}},"1":{"start":{"line":6,"column":18},"end":{"line":6,"column":46}},"2":{"start":{"line":7,"column":4},"end":{"line":7,"column":16}},"3":{"start":{"line":11,"column":4},"end":{"line":16,"column":5}},"4":{"start":{"line":12,"column":22},"end":{"line":12,"column":50}},"5":{"start":{"line":13,"column":6},"end":{"line":13,"column":20}},"6":{"start":{"line":15,"column":6},"end":{"line":15,"column":17}},"7":{"start":{"line":20,"column":0},"end":{"line":20,"column":29}}},"fnMap":{"0":{"name":"(anonymous_0)","decl":{"start":{"line":5,"column":2},"end":{"line":5,"column":3}},"loc":{"start":{"line":5,"column":28},"end":{"line":8,"column":3}},"line":5},"1":{"name":"(anonymous_1)","decl":{"start":{"line":10,"column":2},"end":{"line":10,"column":3}},"loc":{"start":{"line":10,"column":28},"end":{"line":17,"column":3}},"line":10}},"branchMap":{},"s":{"0":3,"1":4,"2":4,"3":15,"4":15,"5":15,"6":0,"7":3},"f":{"0":4,"1":15},"b":{},"_coverageSchema":"1a1c01bbd47fc00a2c39e90264f33305004495a9","hash":"685c5aa8bb9aed94c4e07c441c40110dd9184489"}
,"/home/ubuntutest/HACKTIV8/server/models/index.js": {"path":"/home/ubuntutest/HACKTIV8/server/models/index.js","statementMap":{"0":{"start":{"line":3,"column":11},"end":{"line":3,"column":24}},"1":{"start":{"line":4,"column":13},"end":{"line":4,"column":28}},"2":{"start":{"line":5,"column":18},"end":{"line":5,"column":38}},"3":{"start":{"line":6,"column":17},"end":{"line":6,"column":42}},"4":{"start":{"line":7,"column":12},"end":{"line":7,"column":49}},"5":{"start":{"line":8,"column":15},"end":{"line":8,"column":65}},"6":{"start":{"line":9,"column":11},"end":{"line":9,"column":13}},"7":{"start":{"line":12,"column":0},"end":{"line":16,"column":1}},"8":{"start":{"line":13,"column":2},"end":{"line":13,"column":74}},"9":{"start":{"line":15,"column":2},"end":{"line":15,"column":87}},"10":{"start":{"line":18,"column":0},"end":{"line":26,"column":5}},"11":{"start":{"line":21,"column":4},"end":{"line":21,"column":90}},"12":{"start":{"line":24,"column":18},"end":{"line":24,"column":85}},"13":{"start":{"line":25,"column":4},"end":{"line":25,"column":27}},"14":{"start":{"line":28,"column":0},"end":{"line":32,"column":3}},"15":{"start":{"line":29,"column":2},"end":{"line":31,"column":3}},"16":{"start":{"line":30,"column":4},"end":{"line":30,"column":32}},"17":{"start":{"line":34,"column":0},"end":{"line":34,"column":25}},"18":{"start":{"line":35,"column":0},"end":{"line":35,"column":25}},"19":{"start":{"line":37,"column":0},"end":{"line":37,"column":20}}},"fnMap":{"0":{"name":"(anonymous_0)","decl":{"start":{"line":20,"column":10},"end":{"line":20,"column":11}},"loc":{"start":{"line":20,"column":18},"end":{"line":22,"column":3}},"line":20},"1":{"name":"(anonymous_1)","decl":{"start":{"line":23,"column":11},"end":{"line":23,"column":12}},"loc":{"start":{"line":23,"column":19},"end":{"line":26,"column":3}},"line":23},"2":{"name":"(anonymous_2)","decl":{"start":{"line":28,"column":24},"end":{"line":28,"column":25}},"loc":{"start":{"line":28,"column":37},"end":{"line":32,"column":1}},"line":28}},"branchMap":{"0":{"loc":{"start":{"line":7,"column":12},"end":{"line":7,"column":49}},"type":"binary-expr","locations":[{"start":{"line":7,"column":12},"end":{"line":7,"column":32}},{"start":{"line":7,"column":36},"end":{"line":7,"column":49}}],"line":7},"1":{"loc":{"start":{"line":12,"column":0},"end":{"line":16,"column":1}},"type":"if","locations":[{"start":{"line":12,"column":0},"end":{"line":16,"column":1}},{"start":{"line":12,"column":0},"end":{"line":16,"column":1}}],"line":12},"2":{"loc":{"start":{"line":21,"column":11},"end":{"line":21,"column":89}},"type":"binary-expr","locations":[{"start":{"line":21,"column":12},"end":{"line":21,"column":35}},{"start":{"line":21,"column":41},"end":{"line":21,"column":58}},{"start":{"line":21,"column":64},"end":{"line":21,"column":88}}],"line":21},"3":{"loc":{"start":{"line":29,"column":2},"end":{"line":31,"column":3}},"type":"if","locations":[{"start":{"line":29,"column":2},"end":{"line":31,"column":3}},{"start":{"line":29,"column":2},"end":{"line":31,"column":3}}],"line":29}},"s":{"0":3,"1":3,"2":3,"3":3,"4":3,"5":3,"6":3,"7":3,"8":0,"9":3,"10":3,"11":18,"12":15,"13":15,"14":3,"15":15,"16":15,"17":3,"18":3,"19":3},"f":{"0":18,"1":15,"2":15},"b":{"0":[3,0],"1":[0,3],"2":[18,18,15],"3":[15,0]},"_coverageSchema":"1a1c01bbd47fc00a2c39e90264f33305004495a9","hash":"4db837e98737bda28cca34e349a18cf527c69797"}
,"/home/ubuntutest/HACKTIV8/server/models/recipe.js": {"path":"/home/ubuntutest/HACKTIV8/server/models/recipe.js","statementMap":{"0":{"start":{"line":4,"column":4},"end":{"line":4,"column":24}},"1":{"start":{"line":5,"column":0},"end":{"line":45,"column":2}},"2":{"start":{"line":14,"column":6},"end":{"line":14,"column":72}},"3":{"start":{"line":15,"column":6},"end":{"line":15,"column":70}},"4":{"start":{"line":18,"column":2},"end":{"line":43,"column":5}},"5":{"start":{"line":44,"column":2},"end":{"line":44,"column":16}}},"fnMap":{"0":{"name":"(anonymous_0)","decl":{"start":{"line":5,"column":17},"end":{"line":5,"column":18}},"loc":{"start":{"line":5,"column":43},"end":{"line":45,"column":1}},"line":5},"1":{"name":"(anonymous_1)","decl":{"start":{"line":12,"column":4},"end":{"line":12,"column":5}},"loc":{"start":{"line":12,"column":29},"end":{"line":16,"column":5}},"line":12}},"branchMap":{},"s":{"0":3,"1":3,"2":3,"3":3,"4":3,"5":3},"f":{"0":3,"1":3},"b":{},"_coverageSchema":"1a1c01bbd47fc00a2c39e90264f33305004495a9","hash":"97bc8d8ec043fb0c83da073c77cca60f834a707b"}
,"/home/ubuntutest/HACKTIV8/server/models/recipetag.js": {"path":"/home/ubuntutest/HACKTIV8/server/models/recipetag.js","statementMap":{"0":{"start":{"line":4,"column":4},"end":{"line":4,"column":24}},"1":{"start":{"line":5,"column":0},"end":{"line":28,"column":2}},"2":{"start":{"line":16,"column":2},"end":{"line":26,"column":5}},"3":{"start":{"line":27,"column":2},"end":{"line":27,"column":19}}},"fnMap":{"0":{"name":"(anonymous_0)","decl":{"start":{"line":5,"column":17},"end":{"line":5,"column":18}},"loc":{"start":{"line":5,"column":43},"end":{"line":28,"column":1}},"line":5},"1":{"name":"(anonymous_1)","decl":{"start":{"line":12,"column":4},"end":{"line":12,"column":5}},"loc":{"start":{"line":12,"column":29},"end":{"line":14,"column":5}},"line":12}},"branchMap":{},"s":{"0":3,"1":3,"2":3,"3":3},"f":{"0":3,"1":3},"b":{},"_coverageSchema":"1a1c01bbd47fc00a2c39e90264f33305004495a9","hash":"f149dbf79bba510ff1661066d7c63f041b46c835"}
,"/home/ubuntutest/HACKTIV8/server/models/tag.js": {"path":"/home/ubuntutest/HACKTIV8/server/models/tag.js","statementMap":{"0":{"start":{"line":4,"column":4},"end":{"line":4,"column":24}},"1":{"start":{"line":5,"column":0},"end":{"line":26,"column":2}},"2":{"start":{"line":14,"column":6},"end":{"line":14,"column":70}},"3":{"start":{"line":17,"column":2},"end":{"line":24,"column":5}},"4":{"start":{"line":25,"column":2},"end":{"line":25,"column":13}}},"fnMap":{"0":{"name":"(anonymous_0)","decl":{"start":{"line":5,"column":17},"end":{"line":5,"column":18}},"loc":{"start":{"line":5,"column":43},"end":{"line":26,"column":1}},"line":5},"1":{"name":"(anonymous_1)","decl":{"start":{"line":12,"column":4},"end":{"line":12,"column":5}},"loc":{"start":{"line":12,"column":29},"end":{"line":15,"column":5}},"line":12}},"branchMap":{},"s":{"0":3,"1":3,"2":3,"3":3,"4":3},"f":{"0":3,"1":3},"b":{},"_coverageSchema":"1a1c01bbd47fc00a2c39e90264f33305004495a9","hash":"688b0efb27a6545cac8b9d356477af59bd35963e"}
,"/home/ubuntutest/HACKTIV8/server/models/user.js": {"path":"/home/ubuntutest/HACKTIV8/server/models/user.js","statementMap":{"0":{"start":{"line":4,"column":4},"end":{"line":4,"column":24}},"1":{"start":{"line":5,"column":25},"end":{"line":5,"column":53}},"2":{"start":{"line":6,"column":0},"end":{"line":47,"column":2}},"3":{"start":{"line":15,"column":6},"end":{"line":15,"column":72}},"4":{"start":{"line":18,"column":2},"end":{"line":45,"column":5}},"5":{"start":{"line":42,"column":8},"end":{"line":42,"column":52}},"6":{"start":{"line":46,"column":2},"end":{"line":46,"column":14}}},"fnMap":{"0":{"name":"(anonymous_0)","decl":{"start":{"line":6,"column":17},"end":{"line":6,"column":18}},"loc":{"start":{"line":6,"column":43},"end":{"line":47,"column":1}},"line":6},"1":{"name":"(anonymous_1)","decl":{"start":{"line":13,"column":4},"end":{"line":13,"column":5}},"loc":{"start":{"line":13,"column":29},"end":{"line":16,"column":5}},"line":13},"2":{"name":"(anonymous_2)","decl":{"start":{"line":41,"column":6},"end":{"line":41,"column":7}},"loc":{"start":{"line":41,"column":25},"end":{"line":43,"column":7}},"line":41}},"branchMap":{},"s":{"0":3,"1":3,"2":3,"3":3,"4":3,"5":4,"6":3},"f":{"0":3,"1":3,"2":4},"b":{},"_coverageSchema":"1a1c01bbd47fc00a2c39e90264f33305004495a9","hash":"94382837c5556453b99bbb51da9b9df82f63973a"}
,"/home/ubuntutest/HACKTIV8/server/models/userrecipe.js": {"path":"/home/ubuntutest/HACKTIV8/server/models/userrecipe.js","statementMap":{"0":{"start":{"line":4,"column":4},"end":{"line":4,"column":24}},"1":{"start":{"line":5,"column":0},"end":{"line":29,"column":2}},"2":{"start":{"line":16,"column":2},"end":{"line":27,"column":5}},"3":{"start":{"line":28,"column":2},"end":{"line":28,"column":20}}},"fnMap":{"0":{"name":"(anonymous_0)","decl":{"start":{"line":5,"column":17},"end":{"line":5,"column":18}},"loc":{"start":{"line":5,"column":43},"end":{"line":29,"column":1}},"line":5},"1":{"name":"(anonymous_1)","decl":{"start":{"line":12,"column":4},"end":{"line":12,"column":5}},"loc":{"start":{"line":12,"column":29},"end":{"line":14,"column":5}},"line":12}},"branchMap":{},"s":{"0":3,"1":3,"2":3,"3":3},"f":{"0":3,"1":3},"b":{},"_coverageSchema":"1a1c01bbd47fc00a2c39e90264f33305004495a9","hash":"ec9565acbcddf133a0b7f9d212e0b997a2abbffc"}
,"/home/ubuntutest/HACKTIV8/server/schema/index.js": {"path":"/home/ubuntutest/HACKTIV8/server/schema/index.js","statementMap":{"0":{"start":{"line":1,"column":19},"end":{"line":1,"column":42}},"1":{"start":{"line":2,"column":21},"end":{"line":2,"column":46}},"2":{"start":{"line":3,"column":25},"end":{"line":3,"column":54}},"3":{"start":{"line":5,"column":0},"end":{"line":16,"column":1}}},"fnMap":{},"branchMap":{},"s":{"0":3,"1":3,"2":3,"3":3},"f":{},"b":{},"_coverageSchema":"1a1c01bbd47fc00a2c39e90264f33305004495a9","hash":"2c46a60f32294763a348d37b08581bfc6909a5e7"}
,"/home/ubuntutest/HACKTIV8/server/schema/recipeSchema.js": {"path":"/home/ubuntutest/HACKTIV8/server/schema/recipeSchema.js","statementMap":{"0":{"start":{"line":1,"column":47},"end":{"line":1,"column":67}},"1":{"start":{"line":2,"column":15},"end":{"line":2,"column":35}},"2":{"start":{"line":3,"column":53},"end":{"line":3,"column":77}},"3":{"start":{"line":4,"column":20},"end":{"line":4,"column":35}},"4":{"start":{"line":5,"column":21},"end":{"line":5,"column":36}},"5":{"start":{"line":6,"column":11},"end":{"line":6,"column":35}},"6":{"start":{"line":9,"column":17},"end":{"line":49,"column":6}},"7":{"start":{"line":52,"column":18},"end":{"line":204,"column":1}},"8":{"start":{"line":55,"column":6},"end":{"line":55,"column":77}},"9":{"start":{"line":55,"column":25},"end":{"line":55,"column":77}},"10":{"start":{"line":56,"column":19},"end":{"line":58,"column":8}},"11":{"start":{"line":59,"column":6},"end":{"line":59,"column":18}},"12":{"start":{"line":62,"column":6},"end":{"line":62,"column":77}},"13":{"start":{"line":62,"column":25},"end":{"line":62,"column":77}},"14":{"start":{"line":63,"column":19},"end":{"line":65,"column":8}},"15":{"start":{"line":66,"column":6},"end":{"line":66,"column":18}},"16":{"start":{"line":69,"column":6},"end":{"line":69,"column":77}},"17":{"start":{"line":69,"column":25},"end":{"line":69,"column":77}},"18":{"start":{"line":70,"column":24},"end":{"line":70,"column":28}},"19":{"start":{"line":72,"column":21},"end":{"line":88,"column":8}},"20":{"start":{"line":90,"column":6},"end":{"line":90,"column":20}},"21":{"start":{"line":95,"column":6},"end":{"line":95,"column":77}},"22":{"start":{"line":95,"column":25},"end":{"line":95,"column":77}},"23":{"start":{"line":96,"column":21},"end":{"line":96,"column":33}},"24":{"start":{"line":97,"column":55},"end":{"line":97,"column":78}},"25":{"start":{"line":98,"column":27},"end":{"line":102,"column":18}},"26":{"start":{"line":103,"column":6},"end":{"line":103,"column":35}},"27":{"start":{"line":104,"column":19},"end":{"line":104,"column":51}},"28":{"start":{"line":105,"column":29},"end":{"line":111,"column":7}},"29":{"start":{"line":112,"column":6},"end":{"line":112,"column":46}},"30":{"start":{"line":113,"column":23},"end":{"line":113,"column":27}},"31":{"start":{"line":114,"column":6},"end":{"line":125,"column":7}},"32":{"start":{"line":115,"column":21},"end":{"line":119,"column":10}},"33":{"start":{"line":120,"column":25},"end":{"line":123,"column":9}},"34":{"start":{"line":124,"column":8},"end":{"line":124,"column":43}},"35":{"start":{"line":126,"column":21},"end":{"line":128,"column":8}},"36":{"start":{"line":130,"column":6},"end":{"line":130,"column":20}},"37":{"start":{"line":133,"column":6},"end":{"line":133,"column":77}},"38":{"start":{"line":133,"column":25},"end":{"line":133,"column":77}},"39":{"start":{"line":135,"column":23},"end":{"line":135,"column":30}},"40":{"start":{"line":137,"column":28},"end":{"line":142,"column":8}},"41":{"start":{"line":144,"column":6},"end":{"line":144,"column":84}},"42":{"start":{"line":144,"column":26},"end":{"line":144,"column":84}},"43":{"start":{"line":146,"column":6},"end":{"line":146,"column":93}},"44":{"start":{"line":146,"column":35},"end":{"line":146,"column":93}},"45":{"start":{"line":148,"column":55},"end":{"line":148,"column":78}},"46":{"start":{"line":149,"column":27},"end":{"line":153,"column":18}},"47":{"start":{"line":155,"column":6},"end":{"line":155,"column":35}},"48":{"start":{"line":157,"column":19},"end":{"line":160,"column":8}},"49":{"start":{"line":161,"column":23},"end":{"line":161,"column":27}},"50":{"start":{"line":162,"column":6},"end":{"line":162,"column":69}},"51":{"start":{"line":163,"column":6},"end":{"line":176,"column":7}},"52":{"start":{"line":164,"column":21},"end":{"line":168,"column":10}},"53":{"start":{"line":169,"column":25},"end":{"line":172,"column":9}},"54":{"start":{"line":173,"column":8},"end":{"line":175,"column":11}},"55":{"start":{"line":177,"column":21},"end":{"line":179,"column":8}},"56":{"start":{"line":180,"column":6},"end":{"line":180,"column":20}},"57":{"start":{"line":183,"column":6},"end":{"line":183,"column":77}},"58":{"start":{"line":183,"column":25},"end":{"line":183,"column":77}},"59":{"start":{"line":185,"column":23},"end":{"line":185,"column":30}},"60":{"start":{"line":187,"column":28},"end":{"line":192,"column":8}},"61":{"start":{"line":195,"column":6},"end":{"line":195,"column":84}},"62":{"start":{"line":195,"column":26},"end":{"line":195,"column":84}},"63":{"start":{"line":197,"column":6},"end":{"line":197,"column":93}},"64":{"start":{"line":197,"column":35},"end":{"line":197,"column":93}},"65":{"start":{"line":198,"column":6},"end":{"line":198,"column":55}},"66":{"start":{"line":201,"column":6},"end":{"line":201,"column":52}},"67":{"start":{"line":206,"column":0},"end":{"line":209,"column":1}}},"fnMap":{"0":{"name":"(anonymous_0)","decl":{"start":{"line":54,"column":12},"end":{"line":54,"column":13}},"loc":{"start":{"line":54,"column":40},"end":{"line":60,"column":5}},"line":54},"1":{"name":"(anonymous_1)","decl":{"start":{"line":61,"column":13},"end":{"line":61,"column":14}},"loc":{"start":{"line":61,"column":41},"end":{"line":67,"column":5}},"line":61},"2":{"name":"(anonymous_2)","decl":{"start":{"line":68,"column":18},"end":{"line":68,"column":19}},"loc":{"start":{"line":68,"column":46},"end":{"line":91,"column":5}},"line":68},"3":{"name":"(anonymous_3)","decl":{"start":{"line":94,"column":15},"end":{"line":94,"column":16}},"loc":{"start":{"line":94,"column":43},"end":{"line":131,"column":5}},"line":94},"4":{"name":"(anonymous_4)","decl":{"start":{"line":132,"column":16},"end":{"line":132,"column":17}},"loc":{"start":{"line":132,"column":44},"end":{"line":181,"column":5}},"line":132},"5":{"name":"(anonymous_5)","decl":{"start":{"line":182,"column":18},"end":{"line":182,"column":19}},"loc":{"start":{"line":182,"column":46},"end":{"line":202,"column":5}},"line":182}},"branchMap":{"0":{"loc":{"start":{"line":55,"column":6},"end":{"line":55,"column":77}},"type":"if","locations":[{"start":{"line":55,"column":6},"end":{"line":55,"column":77}},{"start":{"line":55,"column":6},"end":{"line":55,"column":77}}],"line":55},"1":{"loc":{"start":{"line":62,"column":6},"end":{"line":62,"column":77}},"type":"if","locations":[{"start":{"line":62,"column":6},"end":{"line":62,"column":77}},{"start":{"line":62,"column":6},"end":{"line":62,"column":77}}],"line":62},"2":{"loc":{"start":{"line":69,"column":6},"end":{"line":69,"column":77}},"type":"if","locations":[{"start":{"line":69,"column":6},"end":{"line":69,"column":77}},{"start":{"line":69,"column":6},"end":{"line":69,"column":77}}],"line":69},"3":{"loc":{"start":{"line":95,"column":6},"end":{"line":95,"column":77}},"type":"if","locations":[{"start":{"line":95,"column":6},"end":{"line":95,"column":77}},{"start":{"line":95,"column":6},"end":{"line":95,"column":77}}],"line":95},"4":{"loc":{"start":{"line":133,"column":6},"end":{"line":133,"column":77}},"type":"if","locations":[{"start":{"line":133,"column":6},"end":{"line":133,"column":77}},{"start":{"line":133,"column":6},"end":{"line":133,"column":77}}],"line":133},"5":{"loc":{"start":{"line":144,"column":6},"end":{"line":144,"column":84}},"type":"if","locations":[{"start":{"line":144,"column":6},"end":{"line":144,"column":84}},{"start":{"line":144,"column":6},"end":{"line":144,"column":84}}],"line":144},"6":{"loc":{"start":{"line":146,"column":6},"end":{"line":146,"column":93}},"type":"if","locations":[{"start":{"line":146,"column":6},"end":{"line":146,"column":93}},{"start":{"line":146,"column":6},"end":{"line":146,"column":93}}],"line":146},"7":{"loc":{"start":{"line":183,"column":6},"end":{"line":183,"column":77}},"type":"if","locations":[{"start":{"line":183,"column":6},"end":{"line":183,"column":77}},{"start":{"line":183,"column":6},"end":{"line":183,"column":77}}],"line":183},"8":{"loc":{"start":{"line":195,"column":6},"end":{"line":195,"column":84}},"type":"if","locations":[{"start":{"line":195,"column":6},"end":{"line":195,"column":84}},{"start":{"line":195,"column":6},"end":{"line":195,"column":84}}],"line":195},"9":{"loc":{"start":{"line":197,"column":6},"end":{"line":197,"column":93}},"type":"if","locations":[{"start":{"line":197,"column":6},"end":{"line":197,"column":93}},{"start":{"line":197,"column":6},"end":{"line":197,"column":93}}],"line":197}},"s":{"0":3,"1":3,"2":3,"3":3,"4":3,"5":3,"6":3,"7":3,"8":2,"9":1,"10":1,"11":1,"12":2,"13":1,"14":1,"15":1,"16":1,"17":0,"18":1,"19":1,"20":1,"21":4,"22":1,"23":3,"24":3,"25":3,"26":2,"27":2,"28":2,"29":2,"30":2,"31":2,"32":4,"33":4,"34":4,"35":2,"36":2,"37":1,"38":0,"39":1,"40":1,"41":1,"42":0,"43":1,"44":0,"45":1,"46":1,"47":1,"48":1,"49":1,"50":1,"51":1,"52":2,"53":2,"54":2,"55":1,"56":1,"57":1,"58":0,"59":1,"60":1,"61":1,"62":0,"63":1,"64":0,"65":1,"66":1,"67":3},"f":{"0":2,"1":2,"2":1,"3":4,"4":1,"5":1},"b":{"0":[1,1],"1":[1,1],"2":[0,1],"3":[1,3],"4":[0,1],"5":[0,1],"6":[0,1],"7":[0,1],"8":[0,1],"9":[0,1]},"_coverageSchema":"1a1c01bbd47fc00a2c39e90264f33305004495a9","hash":"6f7dc2981776246a6f3054e93a2a4f822308ef8b"}
,"/home/ubuntutest/HACKTIV8/server/schema/userRecipeSchema.js": {"path":"/home/ubuntutest/HACKTIV8/server/schema/userRecipeSchema.js","statementMap":{"0":{"start":{"line":1,"column":53},"end":{"line":1,"column":73}},"1":{"start":{"line":2,"column":37},"end":{"line":2,"column":61}},"2":{"start":{"line":3,"column":15},"end":{"line":3,"column":35}},"3":{"start":{"line":5,"column":17},"end":{"line":25,"column":1}},"4":{"start":{"line":27,"column":18},"end":{"line":133,"column":1}},"5":{"start":{"line":30,"column":6},"end":{"line":30,"column":77}},"6":{"start":{"line":30,"column":25},"end":{"line":30,"column":77}},"7":{"start":{"line":32,"column":23},"end":{"line":32,"column":30}},"8":{"start":{"line":33,"column":21},"end":{"line":44,"column":8}},"9":{"start":{"line":46,"column":6},"end":{"line":46,"column":20}},"10":{"start":{"line":49,"column":6},"end":{"line":49,"column":77}},"11":{"start":{"line":49,"column":25},"end":{"line":49,"column":77}},"12":{"start":{"line":51,"column":23},"end":{"line":51,"column":30}},"13":{"start":{"line":52,"column":21},"end":{"line":62,"column":8}},"14":{"start":{"line":64,"column":6},"end":{"line":64,"column":20}},"15":{"start":{"line":69,"column":6},"end":{"line":69,"column":77}},"16":{"start":{"line":69,"column":25},"end":{"line":69,"column":77}},"17":{"start":{"line":71,"column":23},"end":{"line":71,"column":30}},"18":{"start":{"line":72,"column":31},"end":{"line":72,"column":35}},"19":{"start":{"line":74,"column":25},"end":{"line":78,"column":8}},"20":{"start":{"line":80,"column":6},"end":{"line":80,"column":20}},"21":{"start":{"line":85,"column":6},"end":{"line":85,"column":77}},"22":{"start":{"line":85,"column":25},"end":{"line":85,"column":77}},"23":{"start":{"line":87,"column":23},"end":{"line":87,"column":30}},"24":{"start":{"line":88,"column":31},"end":{"line":88,"column":35}},"25":{"start":{"line":90,"column":25},"end":{"line":94,"column":8}},"26":{"start":{"line":96,"column":6},"end":{"line":96,"column":20}},"27":{"start":{"line":100,"column":6},"end":{"line":100,"column":77}},"28":{"start":{"line":100,"column":25},"end":{"line":100,"column":77}},"29":{"start":{"line":102,"column":23},"end":{"line":102,"column":30}},"30":{"start":{"line":103,"column":37},"end":{"line":103,"column":41}},"31":{"start":{"line":105,"column":25},"end":{"line":109,"column":8}},"32":{"start":{"line":111,"column":6},"end":{"line":111,"column":20}},"33":{"start":{"line":115,"column":6},"end":{"line":115,"column":77}},"34":{"start":{"line":115,"column":25},"end":{"line":115,"column":77}},"35":{"start":{"line":117,"column":23},"end":{"line":117,"column":30}},"36":{"start":{"line":118,"column":23},"end":{"line":118,"column":27}},"37":{"start":{"line":120,"column":21},"end":{"line":128,"column":8}},"38":{"start":{"line":130,"column":6},"end":{"line":130,"column":26}},"39":{"start":{"line":135,"column":0},"end":{"line":138,"column":1}}},"fnMap":{"0":{"name":"(anonymous_0)","decl":{"start":{"line":29,"column":13},"end":{"line":29,"column":14}},"loc":{"start":{"line":29,"column":46},"end":{"line":47,"column":5}},"line":29},"1":{"name":"(anonymous_1)","decl":{"start":{"line":48,"column":14},"end":{"line":48,"column":15}},"loc":{"start":{"line":48,"column":47},"end":{"line":65,"column":5}},"line":48},"2":{"name":"(anonymous_2)","decl":{"start":{"line":68,"column":12},"end":{"line":68,"column":13}},"loc":{"start":{"line":68,"column":45},"end":{"line":82,"column":5}},"line":68},"3":{"name":"(anonymous_3)","decl":{"start":{"line":84,"column":15},"end":{"line":84,"column":16}},"loc":{"start":{"line":84,"column":48},"end":{"line":97,"column":5}},"line":84},"4":{"name":"(anonymous_4)","decl":{"start":{"line":99,"column":15},"end":{"line":99,"column":16}},"loc":{"start":{"line":99,"column":48},"end":{"line":112,"column":5}},"line":99},"5":{"name":"(anonymous_5)","decl":{"start":{"line":114,"column":16},"end":{"line":114,"column":17}},"loc":{"start":{"line":114,"column":49},"end":{"line":131,"column":5}},"line":114}},"branchMap":{"0":{"loc":{"start":{"line":30,"column":6},"end":{"line":30,"column":77}},"type":"if","locations":[{"start":{"line":30,"column":6},"end":{"line":30,"column":77}},{"start":{"line":30,"column":6},"end":{"line":30,"column":77}}],"line":30},"1":{"loc":{"start":{"line":49,"column":6},"end":{"line":49,"column":77}},"type":"if","locations":[{"start":{"line":49,"column":6},"end":{"line":49,"column":77}},{"start":{"line":49,"column":6},"end":{"line":49,"column":77}}],"line":49},"2":{"loc":{"start":{"line":69,"column":6},"end":{"line":69,"column":77}},"type":"if","locations":[{"start":{"line":69,"column":6},"end":{"line":69,"column":77}},{"start":{"line":69,"column":6},"end":{"line":69,"column":77}}],"line":69},"3":{"loc":{"start":{"line":85,"column":6},"end":{"line":85,"column":77}},"type":"if","locations":[{"start":{"line":85,"column":6},"end":{"line":85,"column":77}},{"start":{"line":85,"column":6},"end":{"line":85,"column":77}}],"line":85},"4":{"loc":{"start":{"line":100,"column":6},"end":{"line":100,"column":77}},"type":"if","locations":[{"start":{"line":100,"column":6},"end":{"line":100,"column":77}},{"start":{"line":100,"column":6},"end":{"line":100,"column":77}}],"line":100},"5":{"loc":{"start":{"line":108,"column":43},"end":{"line":108,"column":93}},"type":"cond-expr","locations":[{"start":{"line":108,"column":67},"end":{"line":108,"column":88}},{"start":{"line":108,"column":91},"end":{"line":108,"column":93}}],"line":108},"6":{"loc":{"start":{"line":115,"column":6},"end":{"line":115,"column":77}},"type":"if","locations":[{"start":{"line":115,"column":6},"end":{"line":115,"column":77}},{"start":{"line":115,"column":6},"end":{"line":115,"column":77}}],"line":115}},"s":{"0":3,"1":3,"2":3,"3":3,"4":3,"5":1,"6":0,"7":1,"8":1,"9":1,"10":1,"11":0,"12":1,"13":1,"14":1,"15":1,"16":0,"17":1,"18":1,"19":1,"20":0,"21":1,"22":0,"23":1,"24":1,"25":1,"26":0,"27":1,"28":0,"29":1,"30":1,"31":1,"32":0,"33":1,"34":0,"35":1,"36":1,"37":1,"38":0,"39":3},"f":{"0":1,"1":1,"2":1,"3":1,"4":1,"5":1},"b":{"0":[0,1],"1":[0,1],"2":[0,1],"3":[0,1],"4":[0,1],"5":[1,0],"6":[0,1]},"_coverageSchema":"1a1c01bbd47fc00a2c39e90264f33305004495a9","hash":"ecdf2455916f7792f905c80b993fea06e870e3ac"}
,"/home/ubuntutest/HACKTIV8/server/schema/userSchema.js": {"path":"/home/ubuntutest/HACKTIV8/server/schema/userSchema.js","statementMap":{"0":{"start":{"line":1,"column":37},"end":{"line":1,"column":61}},"1":{"start":{"line":2,"column":33},"end":{"line":2,"column":54}},"2":{"start":{"line":3,"column":30},"end":{"line":3,"column":50}},"3":{"start":{"line":5,"column":17},"end":{"line":50,"column":1}},"4":{"start":{"line":52,"column":18},"end":{"line":95,"column":1}},"5":{"start":{"line":55,"column":36},"end":{"line":55,"column":40}},"6":{"start":{"line":56,"column":37},"end":{"line":56,"column":48}},"7":{"start":{"line":58,"column":19},"end":{"line":62,"column":8}},"8":{"start":{"line":64,"column":6},"end":{"line":64,"column":76}},"9":{"start":{"line":64,"column":17},"end":{"line":64,"column":76}},"10":{"start":{"line":66,"column":6},"end":{"line":66,"column":119}},"11":{"start":{"line":66,"column":60},"end":{"line":66,"column":119}},"12":{"start":{"line":68,"column":27},"end":{"line":71,"column":7}},"13":{"start":{"line":72,"column":20},"end":{"line":72,"column":56}},"14":{"start":{"line":74,"column":6},"end":{"line":74,"column":23}},"15":{"start":{"line":77,"column":6},"end":{"line":77,"column":77}},"16":{"start":{"line":77,"column":25},"end":{"line":77,"column":77}},"17":{"start":{"line":78,"column":23},"end":{"line":78,"column":30}},"18":{"start":{"line":79,"column":6},"end":{"line":84,"column":9}},"19":{"start":{"line":90,"column":32},"end":{"line":90,"column":36}},"20":{"start":{"line":91,"column":22},"end":{"line":91,"column":48}},"21":{"start":{"line":92,"column":6},"end":{"line":92,"column":21}},"22":{"start":{"line":97,"column":0},"end":{"line":100,"column":1}}},"fnMap":{"0":{"name":"(anonymous_0)","decl":{"start":{"line":54,"column":11},"end":{"line":54,"column":12}},"loc":{"start":{"line":54,"column":30},"end":{"line":75,"column":5}},"line":54},"1":{"name":"(anonymous_1)","decl":{"start":{"line":76,"column":10},"end":{"line":76,"column":11}},"loc":{"start":{"line":76,"column":43},"end":{"line":85,"column":5}},"line":76},"2":{"name":"(anonymous_2)","decl":{"start":{"line":89,"column":14},"end":{"line":89,"column":15}},"loc":{"start":{"line":89,"column":33},"end":{"line":93,"column":5}},"line":89}},"branchMap":{"0":{"loc":{"start":{"line":64,"column":6},"end":{"line":64,"column":76}},"type":"if","locations":[{"start":{"line":64,"column":6},"end":{"line":64,"column":76}},{"start":{"line":64,"column":6},"end":{"line":64,"column":76}}],"line":64},"1":{"loc":{"start":{"line":66,"column":6},"end":{"line":66,"column":119}},"type":"if","locations":[{"start":{"line":66,"column":6},"end":{"line":66,"column":119}},{"start":{"line":66,"column":6},"end":{"line":66,"column":119}}],"line":66},"2":{"loc":{"start":{"line":77,"column":6},"end":{"line":77,"column":77}},"type":"if","locations":[{"start":{"line":77,"column":6},"end":{"line":77,"column":77}},{"start":{"line":77,"column":6},"end":{"line":77,"column":77}}],"line":77}},"s":{"0":3,"1":3,"2":3,"3":3,"4":3,"5":2,"6":2,"7":2,"8":2,"9":0,"10":2,"11":0,"12":2,"13":2,"14":2,"15":1,"16":0,"17":1,"18":1,"19":2,"20":2,"21":1,"22":3},"f":{"0":2,"1":1,"2":2},"b":{"0":[0,2],"1":[0,2],"2":[0,1]},"_coverageSchema":"1a1c01bbd47fc00a2c39e90264f33305004495a9","hash":"7a6e5c71e54d31c466b58b2f0fdf44d0faf02ede"}
}
