{"C:\\Users\\Dell\\Documents\\Hacktiv8\\phase3\\FINAL\\server\\app.js": {"path":"C:\\Users\\Dell\\Documents\\Hacktiv8\\phase3\\FINAL\\server\\app.js","statementMap":{"0":{"start":{"line":1,"column":0},"end":{"line":1,"column":26}},"1":{"start":{"line":2,"column":88},"end":{"line":2,"column":112}},"2":{"start":{"line":3,"column":25},"end":{"line":3,"column":45}},"3":{"start":{"line":4,"column":30},"end":{"line":4,"column":49}},"4":{"start":{"line":5,"column":18},"end":{"line":5,"column":37}},"5":{"start":{"line":8,"column":17},"end":{"line":12,"column":1}},"6":{"start":{"line":14,"column":15},"end":{"line":23,"column":2}},"7":{"start":{"line":25,"column":15},"end":{"line":52,"column":2}},"8":{"start":{"line":29,"column":18},"end":{"line":29,"column":41}},"9":{"start":{"line":31,"column":4},"end":{"line":33,"column":5}},"10":{"start":{"line":31,"column":16},"end":{"line":33,"column":5}},"11":{"start":{"line":35,"column":20},"end":{"line":35,"column":51}},"12":{"start":{"line":37,"column":4},"end":{"line":37,"column":80}},"13":{"start":{"line":37,"column":18},"end":{"line":37,"column":80}},"14":{"start":{"line":40,"column":17},"end":{"line":45,"column":6}},"15":{"start":{"line":47,"column":4},"end":{"line":47,"column":77}},"16":{"start":{"line":47,"column":15},"end":{"line":47,"column":77}},"17":{"start":{"line":50,"column":4},"end":{"line":50,"column":20}},"18":{"start":{"line":54,"column":19},"end":{"line":68,"column":2}},"19":{"start":{"line":54,"column":30},"end":{"line":68,"column":2}},"20":{"start":{"line":57,"column":20},"end":{"line":57,"column":51}},"21":{"start":{"line":58,"column":4},"end":{"line":58,"column":80}},"22":{"start":{"line":58,"column":18},"end":{"line":58,"column":80}},"23":{"start":{"line":59,"column":17},"end":{"line":64,"column":6}},"24":{"start":{"line":65,"column":4},"end":{"line":65,"column":77}},"25":{"start":{"line":65,"column":15},"end":{"line":65,"column":77}},"26":{"start":{"line":66,"column":4},"end":{"line":66,"column":20}},"27":{"start":{"line":70,"column":0},"end":{"line":74,"column":1}},"28":{"start":{"line":71,"column":0},"end":{"line":73,"column":3}},"29":{"start":{"line":72,"column":2},"end":{"line":72,"column":44}},"30":{"start":{"line":76,"column":0},"end":{"line":79,"column":1}}},"fnMap":{"0":{"name":"(anonymous_0)","decl":{"start":{"line":27,"column":11},"end":{"line":27,"column":12}},"loc":{"start":{"line":27,"column":30},"end":{"line":51,"column":3}},"line":27},"1":{"name":"(anonymous_1)","decl":{"start":{"line":54,"column":19},"end":{"line":54,"column":20}},"loc":{"start":{"line":54,"column":30},"end":{"line":68,"column":2}},"line":54},"2":{"name":"(anonymous_2)","decl":{"start":{"line":56,"column":11},"end":{"line":56,"column":12}},"loc":{"start":{"line":56,"column":23},"end":{"line":67,"column":3}},"line":56},"3":{"name":"(anonymous_3)","decl":{"start":{"line":71,"column":21},"end":{"line":71,"column":22}},"loc":{"start":{"line":71,"column":34},"end":{"line":73,"column":1}},"line":71}},"branchMap":{"0":{"loc":{"start":{"line":29,"column":18},"end":{"line":29,"column":41}},"type":"binary-expr","locations":[{"start":{"line":29,"column":18},"end":{"line":29,"column":35}},{"start":{"line":29,"column":39},"end":{"line":29,"column":41}}],"line":29},"1":{"loc":{"start":{"line":31,"column":4},"end":{"line":33,"column":5}},"type":"if","locations":[{"start":{"line":31,"column":4},"end":{"line":33,"column":5}},{"start":{"line":31,"column":4},"end":{"line":33,"column":5}}],"line":31},"2":{"loc":{"start":{"line":37,"column":4},"end":{"line":37,"column":80}},"type":"if","locations":[{"start":{"line":37,"column":4},"end":{"line":37,"column":80}},{"start":{"line":37,"column":4},"end":{"line":37,"column":80}}],"line":37},"3":{"loc":{"start":{"line":47,"column":4},"end":{"line":47,"column":77}},"type":"if","locations":[{"start":{"line":47,"column":4},"end":{"line":47,"column":77}},{"start":{"line":47,"column":4},"end":{"line":47,"column":77}}],"line":47},"4":{"loc":{"start":{"line":58,"column":4},"end":{"line":58,"column":80}},"type":"if","locations":[{"start":{"line":58,"column":4},"end":{"line":58,"column":80}},{"start":{"line":58,"column":4},"end":{"line":58,"column":80}}],"line":58},"5":{"loc":{"start":{"line":65,"column":4},"end":{"line":65,"column":77}},"type":"if","locations":[{"start":{"line":65,"column":4},"end":{"line":65,"column":77}},{"start":{"line":65,"column":4},"end":{"line":65,"column":77}}],"line":65},"6":{"loc":{"start":{"line":70,"column":0},"end":{"line":74,"column":1}},"type":"if","locations":[{"start":{"line":70,"column":0},"end":{"line":74,"column":1}},{"start":{"line":70,"column":0},"end":{"line":74,"column":1}}],"line":70}},"s":{"0":1,"1":1,"2":1,"3":1,"4":1,"5":1,"6":1,"7":1,"8":0,"9":0,"10":0,"11":0,"12":0,"13":0,"14":0,"15":0,"16":0,"17":0,"18":1,"19":1,"20":1,"21":1,"22":0,"23":1,"24":1,"25":0,"26":1,"27":1,"28":0,"29":0,"30":1},"f":{"0":0,"1":1,"2":1,"3":0},"b":{"0":[0,0],"1":[0,0],"2":[0,0],"3":[0,0],"4":[0,1],"5":[0,1],"6":[0,1]},"_coverageSchema":"1a1c01bbd47fc00a2c39e90264f33305004495a9","hash":"e4c237f15761cd25b3a537385ca2b086b770af07"}
,"C:\\Users\\Dell\\Documents\\Hacktiv8\\phase3\\FINAL\\server\\config\\aws.js": {"path":"C:\\Users\\Dell\\Documents\\Hacktiv8\\phase3\\FINAL\\server\\config\\aws.js","statementMap":{"0":{"start":{"line":1,"column":12},"end":{"line":1,"column":30}},"1":{"start":{"line":2,"column":15},"end":{"line":2,"column":30}},"2":{"start":{"line":4,"column":0},"end":{"line":4,"column":39}}},"fnMap":{},"branchMap":{},"s":{"0":1,"1":1,"2":1},"f":{},"b":{},"_coverageSchema":"1a1c01bbd47fc00a2c39e90264f33305004495a9","hash":"50b10d92fcdaa5ecc3bb344a260cc20909ee704f"}
,"C:\\Users\\Dell\\Documents\\Hacktiv8\\phase3\\FINAL\\server\\config\\s3.js": {"path":"C:\\Users\\Dell\\Documents\\Hacktiv8\\phase3\\FINAL\\server\\config\\s3.js","statementMap":{"0":{"start":{"line":1,"column":0},"end":{"line":16,"column":2}}},"fnMap":{},"branchMap":{},"s":{"0":1},"f":{},"b":{},"_coverageSchema":"1a1c01bbd47fc00a2c39e90264f33305004495a9","hash":"36e40740b816b8e90a4d907d195177d428e502cc"}
,"C:\\Users\\Dell\\Documents\\Hacktiv8\\phase3\\FINAL\\server\\helpers\\bcrypt.js": {"path":"C:\\Users\\Dell\\Documents\\Hacktiv8\\phase3\\FINAL\\server\\helpers\\bcrypt.js","statementMap":{"0":{"start":{"line":1,"column":15},"end":{"line":1,"column":34}},"1":{"start":{"line":6,"column":17},"end":{"line":6,"column":39}},"2":{"start":{"line":7,"column":17},"end":{"line":7,"column":44}},"3":{"start":{"line":8,"column":4},"end":{"line":8,"column":15}},"4":{"start":{"line":12,"column":4},"end":{"line":12,"column":41}},"5":{"start":{"line":16,"column":0},"end":{"line":16,"column":23}}},"fnMap":{"0":{"name":"(anonymous_0)","decl":{"start":{"line":5,"column":2},"end":{"line":5,"column":3}},"loc":{"start":{"line":5,"column":28},"end":{"line":9,"column":3}},"line":5},"1":{"name":"(anonymous_1)","decl":{"start":{"line":11,"column":2},"end":{"line":11,"column":3}},"loc":{"start":{"line":11,"column":37},"end":{"line":13,"column":3}},"line":11}},"branchMap":{},"s":{"0":1,"1":1,"2":1,"3":1,"4":0,"5":1},"f":{"0":1,"1":0},"b":{},"_coverageSchema":"1a1c01bbd47fc00a2c39e90264f33305004495a9","hash":"44c61aa3616f5a1a048ada507742e3f3fbaae197"}
,"C:\\Users\\Dell\\Documents\\Hacktiv8\\phase3\\FINAL\\server\\helpers\\index.js": {"path":"C:\\Users\\Dell\\Documents\\Hacktiv8\\phase3\\FINAL\\server\\helpers\\index.js","statementMap":{"0":{"start":{"line":1,"column":15},"end":{"line":1,"column":34}},"1":{"start":{"line":2,"column":21},"end":{"line":2,"column":37}},"2":{"start":{"line":4,"column":0},"end":{"line":7,"column":1}}},"fnMap":{},"branchMap":{},"s":{"0":1,"1":1,"2":1},"f":{},"b":{},"_coverageSchema":"1a1c01bbd47fc00a2c39e90264f33305004495a9","hash":"64e6f20ac580388add66f733886fbc7cb7d6d68d"}
,"C:\\Users\\Dell\\Documents\\Hacktiv8\\phase3\\FINAL\\server\\helpers\\jwt.js": {"path":"C:\\Users\\Dell\\Documents\\Hacktiv8\\phase3\\FINAL\\server\\helpers\\jwt.js","statementMap":{"0":{"start":{"line":1,"column":12},"end":{"line":1,"column":35}},"1":{"start":{"line":6,"column":18},"end":{"line":6,"column":46}},"2":{"start":{"line":7,"column":4},"end":{"line":7,"column":16}},"3":{"start":{"line":11,"column":20},"end":{"line":11,"column":48}},"4":{"start":{"line":12,"column":4},"end":{"line":12,"column":18}},"5":{"start":{"line":16,"column":0},"end":{"line":16,"column":29}}},"fnMap":{"0":{"name":"(anonymous_0)","decl":{"start":{"line":5,"column":2},"end":{"line":5,"column":3}},"loc":{"start":{"line":5,"column":28},"end":{"line":8,"column":3}},"line":5},"1":{"name":"(anonymous_1)","decl":{"start":{"line":10,"column":2},"end":{"line":10,"column":3}},"loc":{"start":{"line":10,"column":28},"end":{"line":13,"column":3}},"line":10}},"branchMap":{},"s":{"0":1,"1":1,"2":1,"3":1,"4":1,"5":1},"f":{"0":1,"1":1},"b":{},"_coverageSchema":"1a1c01bbd47fc00a2c39e90264f33305004495a9","hash":"608815de86914214c97d0e814d5a082c3208ba95"}
,"C:\\Users\\Dell\\Documents\\Hacktiv8\\phase3\\FINAL\\server\\models\\index.js": {"path":"C:\\Users\\Dell\\Documents\\Hacktiv8\\phase3\\FINAL\\server\\models\\index.js","statementMap":{"0":{"start":{"line":3,"column":11},"end":{"line":3,"column":24}},"1":{"start":{"line":4,"column":13},"end":{"line":4,"column":28}},"2":{"start":{"line":5,"column":18},"end":{"line":5,"column":38}},"3":{"start":{"line":6,"column":17},"end":{"line":6,"column":42}},"4":{"start":{"line":7,"column":12},"end":{"line":7,"column":49}},"5":{"start":{"line":8,"column":15},"end":{"line":8,"column":65}},"6":{"start":{"line":9,"column":11},"end":{"line":9,"column":13}},"7":{"start":{"line":12,"column":0},"end":{"line":16,"column":1}},"8":{"start":{"line":13,"column":2},"end":{"line":13,"column":74}},"9":{"start":{"line":15,"column":2},"end":{"line":15,"column":87}},"10":{"start":{"line":18,"column":0},"end":{"line":26,"column":5}},"11":{"start":{"line":21,"column":4},"end":{"line":21,"column":90}},"12":{"start":{"line":24,"column":18},"end":{"line":24,"column":85}},"13":{"start":{"line":25,"column":4},"end":{"line":25,"column":27}},"14":{"start":{"line":28,"column":0},"end":{"line":32,"column":3}},"15":{"start":{"line":29,"column":2},"end":{"line":31,"column":3}},"16":{"start":{"line":30,"column":4},"end":{"line":30,"column":32}},"17":{"start":{"line":34,"column":0},"end":{"line":34,"column":25}},"18":{"start":{"line":35,"column":0},"end":{"line":35,"column":25}},"19":{"start":{"line":37,"column":0},"end":{"line":37,"column":20}}},"fnMap":{"0":{"name":"(anonymous_0)","decl":{"start":{"line":20,"column":10},"end":{"line":20,"column":11}},"loc":{"start":{"line":20,"column":18},"end":{"line":22,"column":3}},"line":20},"1":{"name":"(anonymous_1)","decl":{"start":{"line":23,"column":11},"end":{"line":23,"column":12}},"loc":{"start":{"line":23,"column":19},"end":{"line":26,"column":3}},"line":23},"2":{"name":"(anonymous_2)","decl":{"start":{"line":28,"column":24},"end":{"line":28,"column":25}},"loc":{"start":{"line":28,"column":37},"end":{"line":32,"column":1}},"line":28}},"branchMap":{"0":{"loc":{"start":{"line":7,"column":12},"end":{"line":7,"column":49}},"type":"binary-expr","locations":[{"start":{"line":7,"column":12},"end":{"line":7,"column":32}},{"start":{"line":7,"column":36},"end":{"line":7,"column":49}}],"line":7},"1":{"loc":{"start":{"line":12,"column":0},"end":{"line":16,"column":1}},"type":"if","locations":[{"start":{"line":12,"column":0},"end":{"line":16,"column":1}},{"start":{"line":12,"column":0},"end":{"line":16,"column":1}}],"line":12},"2":{"loc":{"start":{"line":21,"column":11},"end":{"line":21,"column":89}},"type":"binary-expr","locations":[{"start":{"line":21,"column":12},"end":{"line":21,"column":35}},{"start":{"line":21,"column":41},"end":{"line":21,"column":58}},{"start":{"line":21,"column":64},"end":{"line":21,"column":88}}],"line":21},"3":{"loc":{"start":{"line":29,"column":2},"end":{"line":31,"column":3}},"type":"if","locations":[{"start":{"line":29,"column":2},"end":{"line":31,"column":3}},{"start":{"line":29,"column":2},"end":{"line":31,"column":3}}],"line":29}},"s":{"0":1,"1":1,"2":1,"3":1,"4":1,"5":1,"6":1,"7":1,"8":0,"9":1,"10":1,"11":6,"12":5,"13":5,"14":1,"15":5,"16":5,"17":1,"18":1,"19":1},"f":{"0":6,"1":5,"2":5},"b":{"0":[1,0],"1":[0,1],"2":[6,6,5],"3":[5,0]},"_coverageSchema":"1a1c01bbd47fc00a2c39e90264f33305004495a9","hash":"9fd3b54a32c196a0415b0e2c9eb5511cceb4ab1e"}
,"C:\\Users\\Dell\\Documents\\Hacktiv8\\phase3\\FINAL\\server\\models\\recipe.js": {"path":"C:\\Users\\Dell\\Documents\\Hacktiv8\\phase3\\FINAL\\server\\models\\recipe.js","statementMap":{"0":{"start":{"line":4,"column":4},"end":{"line":4,"column":24}},"1":{"start":{"line":5,"column":0},"end":{"line":45,"column":2}},"2":{"start":{"line":14,"column":6},"end":{"line":14,"column":72}},"3":{"start":{"line":15,"column":6},"end":{"line":15,"column":70}},"4":{"start":{"line":18,"column":2},"end":{"line":43,"column":5}},"5":{"start":{"line":44,"column":2},"end":{"line":44,"column":16}}},"fnMap":{"0":{"name":"(anonymous_0)","decl":{"start":{"line":5,"column":17},"end":{"line":5,"column":18}},"loc":{"start":{"line":5,"column":43},"end":{"line":45,"column":1}},"line":5},"1":{"name":"(anonymous_1)","decl":{"start":{"line":12,"column":4},"end":{"line":12,"column":5}},"loc":{"start":{"line":12,"column":29},"end":{"line":16,"column":5}},"line":12}},"branchMap":{},"s":{"0":1,"1":1,"2":1,"3":1,"4":1,"5":1},"f":{"0":1,"1":1},"b":{},"_coverageSchema":"1a1c01bbd47fc00a2c39e90264f33305004495a9","hash":"3942a328bdab98a1224a7eaf66543abc044bd561"}
,"C:\\Users\\Dell\\Documents\\Hacktiv8\\phase3\\FINAL\\server\\models\\recipetag.js": {"path":"C:\\Users\\Dell\\Documents\\Hacktiv8\\phase3\\FINAL\\server\\models\\recipetag.js","statementMap":{"0":{"start":{"line":4,"column":4},"end":{"line":4,"column":24}},"1":{"start":{"line":5,"column":0},"end":{"line":28,"column":2}},"2":{"start":{"line":16,"column":2},"end":{"line":26,"column":5}},"3":{"start":{"line":27,"column":2},"end":{"line":27,"column":19}}},"fnMap":{"0":{"name":"(anonymous_0)","decl":{"start":{"line":5,"column":17},"end":{"line":5,"column":18}},"loc":{"start":{"line":5,"column":43},"end":{"line":28,"column":1}},"line":5},"1":{"name":"(anonymous_1)","decl":{"start":{"line":12,"column":4},"end":{"line":12,"column":5}},"loc":{"start":{"line":12,"column":29},"end":{"line":14,"column":5}},"line":12}},"branchMap":{},"s":{"0":1,"1":1,"2":1,"3":1},"f":{"0":1,"1":1},"b":{},"_coverageSchema":"1a1c01bbd47fc00a2c39e90264f33305004495a9","hash":"41705d27db2e5dec75e7687df8c0b9ba52d0d498"}
,"C:\\Users\\Dell\\Documents\\Hacktiv8\\phase3\\FINAL\\server\\models\\tag.js": {"path":"C:\\Users\\Dell\\Documents\\Hacktiv8\\phase3\\FINAL\\server\\models\\tag.js","statementMap":{"0":{"start":{"line":4,"column":4},"end":{"line":4,"column":24}},"1":{"start":{"line":5,"column":0},"end":{"line":26,"column":2}},"2":{"start":{"line":14,"column":6},"end":{"line":14,"column":70}},"3":{"start":{"line":17,"column":2},"end":{"line":24,"column":5}},"4":{"start":{"line":25,"column":2},"end":{"line":25,"column":13}}},"fnMap":{"0":{"name":"(anonymous_0)","decl":{"start":{"line":5,"column":17},"end":{"line":5,"column":18}},"loc":{"start":{"line":5,"column":43},"end":{"line":26,"column":1}},"line":5},"1":{"name":"(anonymous_1)","decl":{"start":{"line":12,"column":4},"end":{"line":12,"column":5}},"loc":{"start":{"line":12,"column":29},"end":{"line":15,"column":5}},"line":12}},"branchMap":{},"s":{"0":1,"1":1,"2":1,"3":1,"4":1},"f":{"0":1,"1":1},"b":{},"_coverageSchema":"1a1c01bbd47fc00a2c39e90264f33305004495a9","hash":"8ff71d1f204f53ad605f6d0e43fb571410ea07cd"}
,"C:\\Users\\Dell\\Documents\\Hacktiv8\\phase3\\FINAL\\server\\models\\user.js": {"path":"C:\\Users\\Dell\\Documents\\Hacktiv8\\phase3\\FINAL\\server\\models\\user.js","statementMap":{"0":{"start":{"line":4,"column":4},"end":{"line":4,"column":24}},"1":{"start":{"line":5,"column":25},"end":{"line":5,"column":53}},"2":{"start":{"line":6,"column":0},"end":{"line":47,"column":2}},"3":{"start":{"line":15,"column":6},"end":{"line":15,"column":72}},"4":{"start":{"line":18,"column":2},"end":{"line":45,"column":5}},"5":{"start":{"line":42,"column":8},"end":{"line":42,"column":52}},"6":{"start":{"line":46,"column":2},"end":{"line":46,"column":14}}},"fnMap":{"0":{"name":"(anonymous_0)","decl":{"start":{"line":6,"column":17},"end":{"line":6,"column":18}},"loc":{"start":{"line":6,"column":43},"end":{"line":47,"column":1}},"line":6},"1":{"name":"(anonymous_1)","decl":{"start":{"line":13,"column":4},"end":{"line":13,"column":5}},"loc":{"start":{"line":13,"column":29},"end":{"line":16,"column":5}},"line":13},"2":{"name":"(anonymous_2)","decl":{"start":{"line":41,"column":6},"end":{"line":41,"column":7}},"loc":{"start":{"line":41,"column":25},"end":{"line":43,"column":7}},"line":41}},"branchMap":{},"s":{"0":1,"1":1,"2":1,"3":1,"4":1,"5":1,"6":1},"f":{"0":1,"1":1,"2":1},"b":{},"_coverageSchema":"1a1c01bbd47fc00a2c39e90264f33305004495a9","hash":"05bc7541b3f1e946283b34d39b0aa9c799e0c815"}
,"C:\\Users\\Dell\\Documents\\Hacktiv8\\phase3\\FINAL\\server\\models\\userrecipe.js": {"path":"C:\\Users\\Dell\\Documents\\Hacktiv8\\phase3\\FINAL\\server\\models\\userrecipe.js","statementMap":{"0":{"start":{"line":4,"column":4},"end":{"line":4,"column":24}},"1":{"start":{"line":5,"column":0},"end":{"line":29,"column":2}},"2":{"start":{"line":16,"column":2},"end":{"line":27,"column":5}},"3":{"start":{"line":28,"column":2},"end":{"line":28,"column":20}}},"fnMap":{"0":{"name":"(anonymous_0)","decl":{"start":{"line":5,"column":17},"end":{"line":5,"column":18}},"loc":{"start":{"line":5,"column":43},"end":{"line":29,"column":1}},"line":5},"1":{"name":"(anonymous_1)","decl":{"start":{"line":12,"column":4},"end":{"line":12,"column":5}},"loc":{"start":{"line":12,"column":29},"end":{"line":14,"column":5}},"line":12}},"branchMap":{},"s":{"0":1,"1":1,"2":1,"3":1},"f":{"0":1,"1":1},"b":{},"_coverageSchema":"1a1c01bbd47fc00a2c39e90264f33305004495a9","hash":"f7333dd4840a179bf130fc0a13f5a4c9f3141403"}
,"C:\\Users\\Dell\\Documents\\Hacktiv8\\phase3\\FINAL\\server\\schema\\index.js": {"path":"C:\\Users\\Dell\\Documents\\Hacktiv8\\phase3\\FINAL\\server\\schema\\index.js","statementMap":{"0":{"start":{"line":1,"column":19},"end":{"line":1,"column":42}},"1":{"start":{"line":2,"column":21},"end":{"line":2,"column":46}},"2":{"start":{"line":3,"column":25},"end":{"line":3,"column":54}},"3":{"start":{"line":5,"column":0},"end":{"line":16,"column":1}}},"fnMap":{},"branchMap":{},"s":{"0":1,"1":1,"2":1,"3":1},"f":{},"b":{},"_coverageSchema":"1a1c01bbd47fc00a2c39e90264f33305004495a9","hash":"c7103160008e3a292c19e84ac47d45a2de58b2db"}
,"C:\\Users\\Dell\\Documents\\Hacktiv8\\phase3\\FINAL\\server\\schema\\recipeSchema.js": {"path":"C:\\Users\\Dell\\Documents\\Hacktiv8\\phase3\\FINAL\\server\\schema\\recipeSchema.js","statementMap":{"0":{"start":{"line":1,"column":47},"end":{"line":1,"column":67}},"1":{"start":{"line":2,"column":15},"end":{"line":2,"column":35}},"2":{"start":{"line":3,"column":53},"end":{"line":3,"column":77}},"3":{"start":{"line":4,"column":20},"end":{"line":4,"column":35}},"4":{"start":{"line":5,"column":21},"end":{"line":5,"column":36}},"5":{"start":{"line":6,"column":11},"end":{"line":6,"column":35}},"6":{"start":{"line":9,"column":17},"end":{"line":49,"column":6}},"7":{"start":{"line":52,"column":18},"end":{"line":196,"column":1}},"8":{"start":{"line":55,"column":6},"end":{"line":55,"column":77}},"9":{"start":{"line":55,"column":25},"end":{"line":55,"column":77}},"10":{"start":{"line":56,"column":19},"end":{"line":56,"column":96}},"11":{"start":{"line":57,"column":6},"end":{"line":57,"column":17}},"12":{"start":{"line":60,"column":6},"end":{"line":60,"column":77}},"13":{"start":{"line":60,"column":25},"end":{"line":60,"column":77}},"14":{"start":{"line":61,"column":19},"end":{"line":61,"column":68}},"15":{"start":{"line":62,"column":6},"end":{"line":62,"column":17}},"16":{"start":{"line":65,"column":6},"end":{"line":65,"column":77}},"17":{"start":{"line":65,"column":25},"end":{"line":65,"column":77}},"18":{"start":{"line":66,"column":24},"end":{"line":66,"column":28}},"19":{"start":{"line":68,"column":21},"end":{"line":84,"column":8}},"20":{"start":{"line":86,"column":6},"end":{"line":86,"column":20}},"21":{"start":{"line":91,"column":6},"end":{"line":91,"column":77}},"22":{"start":{"line":91,"column":25},"end":{"line":91,"column":77}},"23":{"start":{"line":92,"column":21},"end":{"line":92,"column":33}},"24":{"start":{"line":93,"column":55},"end":{"line":93,"column":78}},"25":{"start":{"line":94,"column":27},"end":{"line":98,"column":18}},"26":{"start":{"line":99,"column":6},"end":{"line":99,"column":35}},"27":{"start":{"line":100,"column":19},"end":{"line":100,"column":51}},"28":{"start":{"line":101,"column":29},"end":{"line":107,"column":7}},"29":{"start":{"line":108,"column":6},"end":{"line":108,"column":46}},"30":{"start":{"line":109,"column":23},"end":{"line":109,"column":27}},"31":{"start":{"line":110,"column":6},"end":{"line":121,"column":7}},"32":{"start":{"line":111,"column":21},"end":{"line":115,"column":10}},"33":{"start":{"line":116,"column":25},"end":{"line":119,"column":9}},"34":{"start":{"line":120,"column":8},"end":{"line":120,"column":43}},"35":{"start":{"line":122,"column":21},"end":{"line":124,"column":8}},"36":{"start":{"line":126,"column":6},"end":{"line":126,"column":20}},"37":{"start":{"line":129,"column":6},"end":{"line":129,"column":77}},"38":{"start":{"line":129,"column":25},"end":{"line":129,"column":77}},"39":{"start":{"line":131,"column":23},"end":{"line":131,"column":30}},"40":{"start":{"line":133,"column":28},"end":{"line":138,"column":8}},"41":{"start":{"line":140,"column":6},"end":{"line":140,"column":84}},"42":{"start":{"line":140,"column":26},"end":{"line":140,"column":84}},"43":{"start":{"line":142,"column":6},"end":{"line":142,"column":93}},"44":{"start":{"line":142,"column":35},"end":{"line":142,"column":93}},"45":{"start":{"line":144,"column":55},"end":{"line":144,"column":78}},"46":{"start":{"line":145,"column":27},"end":{"line":149,"column":18}},"47":{"start":{"line":151,"column":6},"end":{"line":151,"column":35}},"48":{"start":{"line":153,"column":19},"end":{"line":156,"column":8}},"49":{"start":{"line":157,"column":23},"end":{"line":157,"column":27}},"50":{"start":{"line":158,"column":6},"end":{"line":158,"column":69}},"51":{"start":{"line":159,"column":6},"end":{"line":172,"column":7}},"52":{"start":{"line":160,"column":21},"end":{"line":164,"column":10}},"53":{"start":{"line":165,"column":25},"end":{"line":168,"column":9}},"54":{"start":{"line":169,"column":8},"end":{"line":171,"column":11}},"55":{"start":{"line":173,"column":21},"end":{"line":175,"column":8}},"56":{"start":{"line":176,"column":6},"end":{"line":176,"column":20}},"57":{"start":{"line":179,"column":6},"end":{"line":179,"column":77}},"58":{"start":{"line":179,"column":25},"end":{"line":179,"column":77}},"59":{"start":{"line":181,"column":28},"end":{"line":186,"column":8}},"60":{"start":{"line":188,"column":6},"end":{"line":188,"column":84}},"61":{"start":{"line":188,"column":26},"end":{"line":188,"column":84}},"62":{"start":{"line":190,"column":6},"end":{"line":190,"column":93}},"63":{"start":{"line":190,"column":35},"end":{"line":190,"column":93}},"64":{"start":{"line":191,"column":6},"end":{"line":191,"column":55}},"65":{"start":{"line":192,"column":6},"end":{"line":192,"column":63}},"66":{"start":{"line":193,"column":6},"end":{"line":193,"column":52}},"67":{"start":{"line":198,"column":0},"end":{"line":201,"column":1}}},"fnMap":{"0":{"name":"(anonymous_0)","decl":{"start":{"line":54,"column":12},"end":{"line":54,"column":13}},"loc":{"start":{"line":54,"column":31},"end":{"line":58,"column":5}},"line":54},"1":{"name":"(anonymous_1)","decl":{"start":{"line":59,"column":13},"end":{"line":59,"column":14}},"loc":{"start":{"line":59,"column":46},"end":{"line":63,"column":5}},"line":59},"2":{"name":"(anonymous_2)","decl":{"start":{"line":64,"column":18},"end":{"line":64,"column":19}},"loc":{"start":{"line":64,"column":37},"end":{"line":87,"column":5}},"line":64},"3":{"name":"(anonymous_3)","decl":{"start":{"line":90,"column":15},"end":{"line":90,"column":16}},"loc":{"start":{"line":90,"column":43},"end":{"line":127,"column":5}},"line":90},"4":{"name":"(anonymous_4)","decl":{"start":{"line":128,"column":16},"end":{"line":128,"column":17}},"loc":{"start":{"line":128,"column":44},"end":{"line":177,"column":5}},"line":128},"5":{"name":"(anonymous_5)","decl":{"start":{"line":178,"column":18},"end":{"line":178,"column":19}},"loc":{"start":{"line":178,"column":46},"end":{"line":194,"column":5}},"line":178}},"branchMap":{"0":{"loc":{"start":{"line":55,"column":6},"end":{"line":55,"column":77}},"type":"if","locations":[{"start":{"line":55,"column":6},"end":{"line":55,"column":77}},{"start":{"line":55,"column":6},"end":{"line":55,"column":77}}],"line":55},"1":{"loc":{"start":{"line":60,"column":6},"end":{"line":60,"column":77}},"type":"if","locations":[{"start":{"line":60,"column":6},"end":{"line":60,"column":77}},{"start":{"line":60,"column":6},"end":{"line":60,"column":77}}],"line":60},"2":{"loc":{"start":{"line":65,"column":6},"end":{"line":65,"column":77}},"type":"if","locations":[{"start":{"line":65,"column":6},"end":{"line":65,"column":77}},{"start":{"line":65,"column":6},"end":{"line":65,"column":77}}],"line":65},"3":{"loc":{"start":{"line":91,"column":6},"end":{"line":91,"column":77}},"type":"if","locations":[{"start":{"line":91,"column":6},"end":{"line":91,"column":77}},{"start":{"line":91,"column":6},"end":{"line":91,"column":77}}],"line":91},"4":{"loc":{"start":{"line":129,"column":6},"end":{"line":129,"column":77}},"type":"if","locations":[{"start":{"line":129,"column":6},"end":{"line":129,"column":77}},{"start":{"line":129,"column":6},"end":{"line":129,"column":77}}],"line":129},"5":{"loc":{"start":{"line":140,"column":6},"end":{"line":140,"column":84}},"type":"if","locations":[{"start":{"line":140,"column":6},"end":{"line":140,"column":84}},{"start":{"line":140,"column":6},"end":{"line":140,"column":84}}],"line":140},"6":{"loc":{"start":{"line":142,"column":6},"end":{"line":142,"column":93}},"type":"if","locations":[{"start":{"line":142,"column":6},"end":{"line":142,"column":93}},{"start":{"line":142,"column":6},"end":{"line":142,"column":93}}],"line":142},"7":{"loc":{"start":{"line":179,"column":6},"end":{"line":179,"column":77}},"type":"if","locations":[{"start":{"line":179,"column":6},"end":{"line":179,"column":77}},{"start":{"line":179,"column":6},"end":{"line":179,"column":77}}],"line":179},"8":{"loc":{"start":{"line":188,"column":6},"end":{"line":188,"column":84}},"type":"if","locations":[{"start":{"line":188,"column":6},"end":{"line":188,"column":84}},{"start":{"line":188,"column":6},"end":{"line":188,"column":84}}],"line":188},"9":{"loc":{"start":{"line":190,"column":6},"end":{"line":190,"column":93}},"type":"if","locations":[{"start":{"line":190,"column":6},"end":{"line":190,"column":93}},{"start":{"line":190,"column":6},"end":{"line":190,"column":93}}],"line":190}},"s":{"0":1,"1":1,"2":1,"3":1,"4":1,"5":1,"6":1,"7":1,"8":0,"9":0,"10":0,"11":0,"12":0,"13":0,"14":0,"15":0,"16":0,"17":0,"18":0,"19":0,"20":0,"21":1,"22":0,"23":1,"24":1,"25":1,"26":1,"27":1,"28":1,"29":1,"30":1,"31":1,"32":2,"33":2,"34":2,"35":1,"36":1,"37":0,"38":0,"39":0,"40":0,"41":0,"42":0,"43":0,"44":0,"45":0,"46":0,"47":0,"48":0,"49":0,"50":0,"51":0,"52":0,"53":0,"54":0,"55":0,"56":0,"57":0,"58":0,"59":0,"60":0,"61":0,"62":0,"63":0,"64":0,"65":0,"66":0,"67":1},"f":{"0":0,"1":0,"2":0,"3":1,"4":0,"5":0},"b":{"0":[0,0],"1":[0,0],"2":[0,0],"3":[0,1],"4":[0,0],"5":[0,0],"6":[0,0],"7":[0,0],"8":[0,0],"9":[0,0]},"_coverageSchema":"1a1c01bbd47fc00a2c39e90264f33305004495a9","hash":"0972848eba6b6f43b7973a4bd197415d15bd3be2"}
,"C:\\Users\\Dell\\Documents\\Hacktiv8\\phase3\\FINAL\\server\\schema\\userRecipeSchema.js": {"path":"C:\\Users\\Dell\\Documents\\Hacktiv8\\phase3\\FINAL\\server\\schema\\userRecipeSchema.js","statementMap":{"0":{"start":{"line":1,"column":53},"end":{"line":1,"column":73}},"1":{"start":{"line":2,"column":37},"end":{"line":2,"column":61}},"2":{"start":{"line":3,"column":15},"end":{"line":3,"column":35}},"3":{"start":{"line":5,"column":17},"end":{"line":25,"column":1}},"4":{"start":{"line":27,"column":18},"end":{"line":133,"column":1}},"5":{"start":{"line":30,"column":6},"end":{"line":30,"column":77}},"6":{"start":{"line":30,"column":25},"end":{"line":30,"column":77}},"7":{"start":{"line":32,"column":23},"end":{"line":32,"column":30}},"8":{"start":{"line":33,"column":21},"end":{"line":44,"column":8}},"9":{"start":{"line":46,"column":6},"end":{"line":46,"column":20}},"10":{"start":{"line":49,"column":6},"end":{"line":49,"column":77}},"11":{"start":{"line":49,"column":25},"end":{"line":49,"column":77}},"12":{"start":{"line":51,"column":23},"end":{"line":51,"column":30}},"13":{"start":{"line":52,"column":21},"end":{"line":62,"column":8}},"14":{"start":{"line":64,"column":6},"end":{"line":64,"column":20}},"15":{"start":{"line":69,"column":6},"end":{"line":69,"column":77}},"16":{"start":{"line":69,"column":25},"end":{"line":69,"column":77}},"17":{"start":{"line":71,"column":23},"end":{"line":71,"column":30}},"18":{"start":{"line":72,"column":31},"end":{"line":72,"column":35}},"19":{"start":{"line":74,"column":25},"end":{"line":78,"column":8}},"20":{"start":{"line":80,"column":6},"end":{"line":80,"column":20}},"21":{"start":{"line":85,"column":6},"end":{"line":85,"column":77}},"22":{"start":{"line":85,"column":25},"end":{"line":85,"column":77}},"23":{"start":{"line":87,"column":23},"end":{"line":87,"column":30}},"24":{"start":{"line":88,"column":31},"end":{"line":88,"column":35}},"25":{"start":{"line":90,"column":25},"end":{"line":94,"column":8}},"26":{"start":{"line":96,"column":6},"end":{"line":96,"column":20}},"27":{"start":{"line":100,"column":6},"end":{"line":100,"column":77}},"28":{"start":{"line":100,"column":25},"end":{"line":100,"column":77}},"29":{"start":{"line":102,"column":23},"end":{"line":102,"column":30}},"30":{"start":{"line":103,"column":37},"end":{"line":103,"column":41}},"31":{"start":{"line":105,"column":25},"end":{"line":109,"column":8}},"32":{"start":{"line":111,"column":6},"end":{"line":111,"column":20}},"33":{"start":{"line":115,"column":6},"end":{"line":115,"column":77}},"34":{"start":{"line":115,"column":25},"end":{"line":115,"column":77}},"35":{"start":{"line":117,"column":23},"end":{"line":117,"column":30}},"36":{"start":{"line":118,"column":23},"end":{"line":118,"column":27}},"37":{"start":{"line":120,"column":21},"end":{"line":128,"column":8}},"38":{"start":{"line":130,"column":6},"end":{"line":130,"column":26}},"39":{"start":{"line":135,"column":0},"end":{"line":138,"column":1}}},"fnMap":{"0":{"name":"(anonymous_0)","decl":{"start":{"line":29,"column":13},"end":{"line":29,"column":14}},"loc":{"start":{"line":29,"column":46},"end":{"line":47,"column":5}},"line":29},"1":{"name":"(anonymous_1)","decl":{"start":{"line":48,"column":14},"end":{"line":48,"column":15}},"loc":{"start":{"line":48,"column":47},"end":{"line":65,"column":5}},"line":48},"2":{"name":"(anonymous_2)","decl":{"start":{"line":68,"column":12},"end":{"line":68,"column":13}},"loc":{"start":{"line":68,"column":45},"end":{"line":82,"column":5}},"line":68},"3":{"name":"(anonymous_3)","decl":{"start":{"line":84,"column":15},"end":{"line":84,"column":16}},"loc":{"start":{"line":84,"column":48},"end":{"line":97,"column":5}},"line":84},"4":{"name":"(anonymous_4)","decl":{"start":{"line":99,"column":15},"end":{"line":99,"column":16}},"loc":{"start":{"line":99,"column":48},"end":{"line":112,"column":5}},"line":99},"5":{"name":"(anonymous_5)","decl":{"start":{"line":114,"column":16},"end":{"line":114,"column":17}},"loc":{"start":{"line":114,"column":49},"end":{"line":131,"column":5}},"line":114}},"branchMap":{"0":{"loc":{"start":{"line":30,"column":6},"end":{"line":30,"column":77}},"type":"if","locations":[{"start":{"line":30,"column":6},"end":{"line":30,"column":77}},{"start":{"line":30,"column":6},"end":{"line":30,"column":77}}],"line":30},"1":{"loc":{"start":{"line":49,"column":6},"end":{"line":49,"column":77}},"type":"if","locations":[{"start":{"line":49,"column":6},"end":{"line":49,"column":77}},{"start":{"line":49,"column":6},"end":{"line":49,"column":77}}],"line":49},"2":{"loc":{"start":{"line":69,"column":6},"end":{"line":69,"column":77}},"type":"if","locations":[{"start":{"line":69,"column":6},"end":{"line":69,"column":77}},{"start":{"line":69,"column":6},"end":{"line":69,"column":77}}],"line":69},"3":{"loc":{"start":{"line":85,"column":6},"end":{"line":85,"column":77}},"type":"if","locations":[{"start":{"line":85,"column":6},"end":{"line":85,"column":77}},{"start":{"line":85,"column":6},"end":{"line":85,"column":77}}],"line":85},"4":{"loc":{"start":{"line":100,"column":6},"end":{"line":100,"column":77}},"type":"if","locations":[{"start":{"line":100,"column":6},"end":{"line":100,"column":77}},{"start":{"line":100,"column":6},"end":{"line":100,"column":77}}],"line":100},"5":{"loc":{"start":{"line":108,"column":43},"end":{"line":108,"column":93}},"type":"cond-expr","locations":[{"start":{"line":108,"column":67},"end":{"line":108,"column":88}},{"start":{"line":108,"column":91},"end":{"line":108,"column":93}}],"line":108},"6":{"loc":{"start":{"line":115,"column":6},"end":{"line":115,"column":77}},"type":"if","locations":[{"start":{"line":115,"column":6},"end":{"line":115,"column":77}},{"start":{"line":115,"column":6},"end":{"line":115,"column":77}}],"line":115}},"s":{"0":1,"1":1,"2":1,"3":1,"4":1,"5":0,"6":0,"7":0,"8":0,"9":0,"10":0,"11":0,"12":0,"13":0,"14":0,"15":0,"16":0,"17":0,"18":0,"19":0,"20":0,"21":0,"22":0,"23":0,"24":0,"25":0,"26":0,"27":0,"28":0,"29":0,"30":0,"31":0,"32":0,"33":0,"34":0,"35":0,"36":0,"37":0,"38":0,"39":1},"f":{"0":0,"1":0,"2":0,"3":0,"4":0,"5":0},"b":{"0":[0,0],"1":[0,0],"2":[0,0],"3":[0,0],"4":[0,0],"5":[0,0],"6":[0,0]},"_coverageSchema":"1a1c01bbd47fc00a2c39e90264f33305004495a9","hash":"b726f0707b08e68de2f75bffe493fd8e2dd77ce9"}
,"C:\\Users\\Dell\\Documents\\Hacktiv8\\phase3\\FINAL\\server\\schema\\userSchema.js": {"path":"C:\\Users\\Dell\\Documents\\Hacktiv8\\phase3\\FINAL\\server\\schema\\userSchema.js","statementMap":{"0":{"start":{"line":1,"column":37},"end":{"line":1,"column":61}},"1":{"start":{"line":2,"column":33},"end":{"line":2,"column":54}},"2":{"start":{"line":3,"column":17},"end":{"line":3,"column":37}},"3":{"start":{"line":5,"column":17},"end":{"line":50,"column":1}},"4":{"start":{"line":52,"column":18},"end":{"line":95,"column":1}},"5":{"start":{"line":55,"column":36},"end":{"line":55,"column":40}},"6":{"start":{"line":56,"column":37},"end":{"line":56,"column":48}},"7":{"start":{"line":58,"column":19},"end":{"line":62,"column":8}},"8":{"start":{"line":64,"column":6},"end":{"line":64,"column":77}},"9":{"start":{"line":64,"column":17},"end":{"line":64,"column":77}},"10":{"start":{"line":66,"column":6},"end":{"line":66,"column":120}},"11":{"start":{"line":66,"column":60},"end":{"line":66,"column":120}},"12":{"start":{"line":68,"column":27},"end":{"line":71,"column":7}},"13":{"start":{"line":72,"column":20},"end":{"line":72,"column":56}},"14":{"start":{"line":74,"column":6},"end":{"line":74,"column":23}},"15":{"start":{"line":77,"column":6},"end":{"line":77,"column":77}},"16":{"start":{"line":77,"column":25},"end":{"line":77,"column":77}},"17":{"start":{"line":78,"column":23},"end":{"line":78,"column":30}},"18":{"start":{"line":79,"column":6},"end":{"line":84,"column":9}},"19":{"start":{"line":90,"column":32},"end":{"line":90,"column":36}},"20":{"start":{"line":91,"column":22},"end":{"line":91,"column":48}},"21":{"start":{"line":92,"column":6},"end":{"line":92,"column":21}},"22":{"start":{"line":97,"column":0},"end":{"line":100,"column":1}}},"fnMap":{"0":{"name":"(anonymous_0)","decl":{"start":{"line":54,"column":11},"end":{"line":54,"column":12}},"loc":{"start":{"line":54,"column":30},"end":{"line":75,"column":5}},"line":54},"1":{"name":"(anonymous_1)","decl":{"start":{"line":76,"column":10},"end":{"line":76,"column":11}},"loc":{"start":{"line":76,"column":43},"end":{"line":85,"column":5}},"line":76},"2":{"name":"(anonymous_2)","decl":{"start":{"line":89,"column":14},"end":{"line":89,"column":15}},"loc":{"start":{"line":89,"column":33},"end":{"line":93,"column":5}},"line":89}},"branchMap":{"0":{"loc":{"start":{"line":64,"column":6},"end":{"line":64,"column":77}},"type":"if","locations":[{"start":{"line":64,"column":6},"end":{"line":64,"column":77}},{"start":{"line":64,"column":6},"end":{"line":64,"column":77}}],"line":64},"1":{"loc":{"start":{"line":66,"column":6},"end":{"line":66,"column":120}},"type":"if","locations":[{"start":{"line":66,"column":6},"end":{"line":66,"column":120}},{"start":{"line":66,"column":6},"end":{"line":66,"column":120}}],"line":66},"2":{"loc":{"start":{"line":77,"column":6},"end":{"line":77,"column":77}},"type":"if","locations":[{"start":{"line":77,"column":6},"end":{"line":77,"column":77}},{"start":{"line":77,"column":6},"end":{"line":77,"column":77}}],"line":77}},"s":{"0":1,"1":1,"2":1,"3":1,"4":1,"5":0,"6":0,"7":0,"8":0,"9":0,"10":0,"11":0,"12":0,"13":0,"14":0,"15":0,"16":0,"17":0,"18":0,"19":0,"20":0,"21":0,"22":1},"f":{"0":0,"1":0,"2":0},"b":{"0":[0,0],"1":[0,0],"2":[0,0]},"_coverageSchema":"1a1c01bbd47fc00a2c39e90264f33305004495a9","hash":"a0ffcdffa28ec4bf6862bc64f735552a9ddd5789"}
}
