TN:
SF:app.js
FN:27,(anonymous_0)
FN:50,(anonymous_1)
FNF:2
FNH:0
FNDA:0,(anonymous_0)
FNDA:0,(anonymous_1)
DA:1,1
DA:2,1
DA:3,1
DA:4,1
DA:5,1
DA:6,1
DA:8,1
DA:13,1
DA:25,1
DA:29,0
DA:31,0
DA:35,0
DA:37,0
DA:40,0
DA:42,0
DA:45,0
DA:49,1
DA:50,0
DA:51,0
DA:55,1
LF:20
LH:11
BRDA:29,0,0,0
BRDA:29,0,1,0
BRDA:31,1,0,0
BRDA:31,1,1,0
BRDA:37,2,0,0
BRDA:37,2,1,0
BRDA:42,3,0,0
BRDA:42,3,1,0
BRDA:49,4,0,0
BRDA:49,4,1,1
BRF:10
BRH:1
end_of_record
TN:
SF:controllers/index.js
FNF:0
FNH:0
DA:1,1
DA:2,1
DA:3,1
DA:5,1
LF:4
LH:4
BRF:0
BRH:0
end_of_record
TN:
SF:controllers/recipe.js
FN:41,(anonymous_0)
FN:49,(anonymous_1)
FN:59,(anonymous_2)
FN:94,(anonymous_3)
FN:125,(anonymous_4)
FNF:5
FNH:1
FNDA:0,(anonymous_0)
FNDA:0,(anonymous_1)
FNDA:1,(anonymous_2)
FNDA:0,(anonymous_3)
FNDA:0,(anonymous_4)
DA:1,1
DA:2,1
DA:5,1
DA:39,1
DA:42,0
DA:43,0
DA:44,0
DA:46,0
DA:50,0
DA:51,0
DA:52,0
DA:54,0
DA:60,1
DA:61,1
DA:62,0
DA:63,0
DA:64,0
DA:71,0
DA:72,0
DA:73,0
DA:74,0
DA:79,0
DA:83,0
DA:85,0
DA:88,0
DA:89,0
DA:91,1
DA:95,0
DA:96,0
DA:97,0
DA:101,0
DA:102,0
DA:103,0
DA:104,0
DA:109,0
DA:113,0
DA:117,0
DA:120,0
DA:122,0
DA:126,0
DA:127,0
DA:128,0
DA:129,0
DA:130,0
DA:132,0
DA:138,1
LF:46
LH:8
BRDA:61,0,0,1
BRDA:61,0,1,0
BRDA:96,1,0,0
BRDA:96,1,1,0
BRDA:127,2,0,0
BRDA:127,2,1,0
BRF:6
BRH:1
end_of_record
TN:
SF:controllers/tag.js
FN:4,(anonymous_0)
FN:13,(anonymous_1)
FNF:2
FNH:0
FNDA:0,(anonymous_0)
FNDA:0,(anonymous_1)
DA:1,1
DA:5,0
DA:6,0
DA:14,0
DA:23,1
LF:5
LH:2
BRF:0
BRH:0
end_of_record
TN:
SF:controllers/user.js
FN:7,(anonymous_0)
FN:12,(anonymous_1)
FN:33,(anonymous_2)
FNF:3
FNH:1
FNDA:0,(anonymous_0)
FNDA:1,(anonymous_1)
FNDA:0,(anonymous_2)
DA:1,1
DA:2,1
DA:3,1
DA:8,0
DA:9,0
DA:13,1
DA:15,1
DA:21,1
DA:23,1
DA:25,1
DA:29,1
DA:30,1
DA:34,0
DA:44,1
LF:14
LH:11
BRDA:21,0,0,0
BRDA:21,0,1,1
BRDA:23,1,0,0
BRDA:23,1,1,1
BRF:4
BRH:2
end_of_record
TN:
SF:helpers/bcrypt.js
FN:5,(anonymous_0)
FN:11,(anonymous_1)
FNF:2
FNH:2
FNDA:1,(anonymous_0)
FNDA:1,(anonymous_1)
DA:1,1
DA:6,1
DA:7,1
DA:8,1
DA:12,1
DA:16,1
LF:6
LH:6
BRF:0
BRH:0
end_of_record
TN:
SF:helpers/index.js
FNF:0
FNH:0
DA:1,1
DA:2,1
DA:4,1
LF:3
LH:3
BRF:0
BRH:0
end_of_record
TN:
SF:helpers/jwt.js
FN:5,(anonymous_0)
FN:10,(anonymous_1)
FNF:2
FNH:1
FNDA:1,(anonymous_0)
FNDA:0,(anonymous_1)
DA:1,1
DA:6,1
DA:7,1
DA:11,0
DA:12,0
DA:16,1
LF:6
LH:4
BRF:0
BRH:0
end_of_record
TN:
SF:models/index.js
FN:20,(anonymous_0)
FN:23,(anonymous_1)
FN:28,(anonymous_2)
FNF:3
FNH:3
FNDA:6,(anonymous_0)
FNDA:5,(anonymous_1)
FNDA:5,(anonymous_2)
DA:3,1
DA:4,1
DA:5,1
DA:6,1
DA:7,1
DA:8,1
DA:9,1
DA:12,1
DA:13,0
DA:15,1
DA:18,1
DA:21,6
DA:24,5
DA:25,5
DA:28,1
DA:29,5
DA:30,5
DA:34,1
DA:35,1
DA:37,1
LF:20
LH:19
BRDA:7,0,0,1
BRDA:7,0,1,0
BRDA:12,1,0,0
BRDA:12,1,1,1
BRDA:21,2,0,6
BRDA:21,2,1,6
BRDA:21,2,2,5
BRDA:29,3,0,5
BRDA:29,3,1,0
BRF:9
BRH:6
end_of_record
TN:
SF:models/recipe.js
FN:5,(anonymous_0)
FN:12,(anonymous_1)
FNF:2
FNH:2
FNDA:1,(anonymous_0)
FNDA:1,(anonymous_1)
DA:4,1
DA:5,1
DA:14,1
DA:15,1
DA:18,1
DA:44,1
LF:6
LH:6
BRF:0
BRH:0
end_of_record
TN:
SF:models/recipetag.js
FN:5,(anonymous_0)
FN:12,(anonymous_1)
FNF:2
FNH:2
FNDA:1,(anonymous_0)
FNDA:1,(anonymous_1)
DA:4,1
DA:5,1
DA:16,1
DA:27,1
LF:4
LH:4
BRF:0
BRH:0
end_of_record
TN:
SF:models/tag.js
FN:5,(anonymous_0)
FN:12,(anonymous_1)
FNF:2
FNH:2
FNDA:1,(anonymous_0)
FNDA:1,(anonymous_1)
DA:4,1
DA:5,1
DA:14,1
DA:17,1
DA:25,1
LF:5
LH:5
BRF:0
BRH:0
end_of_record
TN:
SF:models/user.js
FN:6,(anonymous_0)
FN:13,(anonymous_1)
FN:41,(anonymous_2)
FNF:3
FNH:3
FNDA:1,(anonymous_0)
FNDA:1,(anonymous_1)
FNDA:1,(anonymous_2)
DA:4,1
DA:5,1
DA:6,1
DA:15,1
DA:18,1
DA:42,1
DA:46,1
LF:7
LH:7
BRF:0
BRH:0
end_of_record
TN:
SF:models/userrecipe.js
FN:5,(anonymous_0)
FN:12,(anonymous_1)
FNF:2
FNH:2
FNDA:1,(anonymous_0)
FNDA:1,(anonymous_1)
DA:4,1
DA:5,1
DA:16,1
DA:28,1
LF:4
LH:4
BRF:0
BRH:0
end_of_record
TN:
SF:schema/userSchema.js
FN:53,(anonymous_0)
FN:57,(anonymous_1)
FN:65,(anonymous_2)
FNF:3
FNH:0
FNDA:0,(anonymous_0)
FNDA:0,(anonymous_1)
FNDA:0,(anonymous_2)
DA:1,1
DA:2,1
DA:4,1
DA:51,1
DA:54,0
DA:55,0
DA:58,0
DA:59,0
DA:60,0
DA:66,0
DA:67,0
DA:72,1
LF:12
LH:5
BRDA:58,0,0,0
BRDA:58,0,1,0
BRF:2
BRH:0
end_of_record
