TN:
SF:app.js
FN:25,(anonymous_0)
FN:27,(anonymous_1)
FN:70,(anonymous_2)
FNF:3
FNH:2
FNDA:24,(anonymous_0)
FNDA:25,(anonymous_1)
FNDA:0,(anonymous_2)
DA:1,3
DA:2,3
DA:3,3
DA:4,3
DA:5,3
DA:8,3
DA:14,3
DA:25,24
DA:29,25
DA:32,25
DA:33,25
DA:42,25
DA:44,25
DA:45,25
DA:47,25
DA:49,16
DA:51,15
DA:54,15
DA:61,15
DA:63,15
DA:65,15
DA:69,3
DA:70,0
DA:71,0
DA:75,3
LF:25
LH:23
BRDA:32,0,0,25
BRDA:32,0,1,0
BRDA:36,1,0,25
BRDA:36,1,1,9
BRDA:42,2,0,0
BRDA:42,2,1,25
BRDA:45,3,0,25
BRDA:45,3,1,9
BRDA:47,4,0,9
BRDA:47,4,1,16
BRDA:51,5,0,0
BRDA:51,5,1,15
BRDA:61,6,0,0
BRDA:61,6,1,15
BRDA:69,7,0,0
BRDA:69,7,1,3
BRF:16
BRH:11
end_of_record
TN:
SF:config\aws.js
FNF:0
FNH:0
DA:1,3
DA:2,3
DA:4,3
LF:3
LH:3
BRF:0
BRH:0
end_of_record
TN:
SF:config\s3.js
FNF:0
FNH:0
DA:1,3
LF:1
LH:1
BRF:0
BRH:0
end_of_record
TN:
SF:helpers\bcrypt.js
FN:5,(anonymous_0)
FN:11,(anonymous_1)
FNF:2
FNH:2
FNDA:4,(anonymous_0)
FNDA:2,(anonymous_1)
DA:1,3
DA:6,4
DA:7,4
DA:8,4
DA:12,2
DA:16,3
LF:6
LH:6
BRF:0
BRH:0
end_of_record
TN:
SF:helpers\index.js
FNF:0
FNH:0
DA:1,3
DA:2,3
DA:4,3
LF:3
LH:3
BRF:0
BRH:0
end_of_record
TN:
SF:helpers\jwt.js
FN:5,(anonymous_0)
FN:10,(anonymous_1)
FNF:2
FNH:2
FNDA:4,(anonymous_0)
FNDA:16,(anonymous_1)
DA:1,3
DA:6,4
DA:7,4
DA:11,16
DA:12,15
DA:16,3
LF:6
LH:6
BRF:0
BRH:0
end_of_record
TN:
SF:models\index.js
FN:20,(anonymous_0)
FN:23,(anonymous_1)
FN:28,(anonymous_2)
FNF:3
FNH:3
FNDA:18,(anonymous_0)
FNDA:15,(anonymous_1)
FNDA:15,(anonymous_2)
DA:3,3
DA:4,3
DA:5,3
DA:6,3
DA:7,3
DA:8,3
DA:9,3
DA:12,3
DA:13,0
DA:15,3
DA:18,3
DA:21,18
DA:24,15
DA:25,15
DA:28,3
DA:29,15
DA:30,15
DA:34,3
DA:35,3
DA:37,3
LF:20
LH:19
BRDA:7,0,0,3
BRDA:7,0,1,0
BRDA:12,1,0,0
BRDA:12,1,1,3
BRDA:21,2,0,18
BRDA:21,2,1,18
BRDA:21,2,2,15
BRDA:29,3,0,15
BRDA:29,3,1,0
BRF:9
BRH:6
end_of_record
TN:
SF:models\recipe.js
FN:5,(anonymous_0)
FN:12,(anonymous_1)
FNF:2
FNH:2
FNDA:3,(anonymous_0)
FNDA:3,(anonymous_1)
DA:4,3
DA:5,3
DA:14,3
DA:15,3
DA:18,3
DA:44,3
LF:6
LH:6
BRF:0
BRH:0
end_of_record
TN:
SF:models\recipetag.js
FN:5,(anonymous_0)
FN:12,(anonymous_1)
FNF:2
FNH:2
FNDA:3,(anonymous_0)
FNDA:3,(anonymous_1)
DA:4,3
DA:5,3
DA:16,3
DA:27,3
LF:4
LH:4
BRF:0
BRH:0
end_of_record
TN:
SF:models\tag.js
FN:5,(anonymous_0)
FN:12,(anonymous_1)
FNF:2
FNH:2
FNDA:3,(anonymous_0)
FNDA:3,(anonymous_1)
DA:4,3
DA:5,3
DA:14,3
DA:17,3
DA:25,3
LF:5
LH:5
BRF:0
BRH:0
end_of_record
TN:
SF:models\user.js
FN:6,(anonymous_0)
FN:13,(anonymous_1)
FN:41,(anonymous_2)
FNF:3
FNH:3
FNDA:3,(anonymous_0)
FNDA:3,(anonymous_1)
FNDA:4,(anonymous_2)
DA:4,3
DA:5,3
DA:6,3
DA:15,3
DA:18,3
DA:42,4
DA:46,3
LF:7
LH:7
BRF:0
BRH:0
end_of_record
TN:
SF:models\userrecipe.js
FN:5,(anonymous_0)
FN:12,(anonymous_1)
FNF:2
FNH:2
FNDA:3,(anonymous_0)
FNDA:3,(anonymous_1)
DA:4,3
DA:5,3
DA:16,3
DA:28,3
LF:4
LH:4
BRF:0
BRH:0
end_of_record
TN:
SF:schema\index.js
FNF:0
FNH:0
DA:1,3
DA:2,3
DA:3,3
DA:5,3
LF:4
LH:4
BRF:0
BRH:0
end_of_record
TN:
SF:schema\recipeSchema.js
FN:54,(anonymous_0)
FN:61,(anonymous_1)
FN:68,(anonymous_2)
FN:94,(anonymous_3)
FN:132,(anonymous_4)
FN:182,(anonymous_5)
FNF:6
FNH:6
FNDA:2,(anonymous_0)
FNDA:2,(anonymous_1)
FNDA:1,(anonymous_2)
FNDA:4,(anonymous_3)
FNDA:1,(anonymous_4)
FNDA:1,(anonymous_5)
DA:1,3
DA:2,3
DA:3,3
DA:4,3
DA:5,3
DA:6,3
DA:9,3
DA:52,3
DA:55,2
DA:56,1
DA:59,1
DA:62,2
DA:63,1
DA:66,1
DA:69,1
DA:70,1
DA:72,1
DA:90,1
DA:95,4
DA:96,3
DA:97,3
DA:98,3
DA:103,2
DA:104,2
DA:105,2
DA:112,2
DA:113,2
DA:114,2
DA:115,4
DA:120,4
DA:124,4
DA:126,2
DA:130,2
DA:133,1
DA:135,1
DA:137,1
DA:144,1
DA:146,1
DA:148,1
DA:149,1
DA:155,1
DA:157,1
DA:161,1
DA:162,1
DA:163,1
DA:164,2
DA:169,2
DA:173,2
DA:177,1
DA:180,1
DA:183,1
DA:185,1
DA:187,1
DA:195,1
DA:197,1
DA:198,1
DA:201,1
DA:206,3
LF:58
LH:58
BRDA:55,0,0,1
BRDA:55,0,1,1
BRDA:62,1,0,1
BRDA:62,1,1,1
BRDA:69,2,0,0
BRDA:69,2,1,1
BRDA:95,3,0,1
BRDA:95,3,1,3
BRDA:133,4,0,0
BRDA:133,4,1,1
BRDA:144,5,0,0
BRDA:144,5,1,1
BRDA:146,6,0,0
BRDA:146,6,1,1
BRDA:183,7,0,0
BRDA:183,7,1,1
BRDA:195,8,0,0
BRDA:195,8,1,1
BRDA:197,9,0,0
BRDA:197,9,1,1
BRF:20
BRH:13
end_of_record
TN:
SF:schema\userRecipeSchema.js
FN:29,(anonymous_0)
FN:48,(anonymous_1)
FN:68,(anonymous_2)
FN:84,(anonymous_3)
FN:99,(anonymous_4)
FN:114,(anonymous_5)
FNF:6
FNH:6
FNDA:1,(anonymous_0)
FNDA:1,(anonymous_1)
FNDA:1,(anonymous_2)
FNDA:1,(anonymous_3)
FNDA:1,(anonymous_4)
FNDA:1,(anonymous_5)
DA:1,3
DA:2,3
DA:3,3
DA:5,3
DA:27,3
DA:30,1
DA:32,1
DA:33,1
DA:46,1
DA:49,1
DA:51,1
DA:52,1
DA:64,1
DA:69,1
DA:71,1
DA:72,1
DA:74,1
DA:80,0
DA:85,1
DA:87,1
DA:88,1
DA:90,1
DA:96,0
DA:100,1
DA:102,1
DA:103,1
DA:105,1
DA:111,0
DA:115,1
DA:117,1
DA:118,1
DA:120,1
DA:130,0
DA:135,3
LF:34
LH:30
BRDA:30,0,0,0
BRDA:30,0,1,1
BRDA:49,1,0,0
BRDA:49,1,1,1
BRDA:69,2,0,0
BRDA:69,2,1,1
BRDA:85,3,0,0
BRDA:85,3,1,1
BRDA:100,4,0,0
BRDA:100,4,1,1
BRDA:108,5,0,1
BRDA:108,5,1,0
BRDA:115,6,0,0
BRDA:115,6,1,1
BRF:14
BRH:7
end_of_record
TN:
SF:schema\userSchema.js
FN:54,(anonymous_0)
FN:76,(anonymous_1)
FN:89,(anonymous_2)
FNF:3
FNH:3
FNDA:2,(anonymous_0)
FNDA:1,(anonymous_1)
FNDA:2,(anonymous_2)
DA:1,3
DA:2,3
DA:3,3
DA:5,3
DA:52,3
DA:55,2
DA:56,2
DA:58,2
DA:64,2
DA:66,2
DA:68,2
DA:72,2
DA:74,2
DA:77,1
DA:78,1
DA:79,1
DA:90,2
DA:91,2
DA:92,1
DA:97,3
LF:20
LH:20
BRDA:64,0,0,0
BRDA:64,0,1,2
BRDA:66,1,0,0
BRDA:66,1,1,2
BRDA:77,2,0,0
BRDA:77,2,1,1
BRF:6
BRH:3
end_of_record
